01-02-2025 10:28:58.334 [Gauge] [INFO] Initializing concepts cache with 0 concepts
01-02-2025 10:28:58.335 [Gauge] [INFO] Initializing specs cache with 1 specs
01-02-2025 10:28:58.335 [Gauge] [DEBUG] Adding specs from /Applications/IntelliJ IDEA CE.app/Contents/Projects/ParaTransferWebAutomationProject/specs/beymenWebSiteTestScenarios.spec
01-02-2025 10:28:58.335 [Gauge] [INFO] Initializing steps cache with 1 steps
01-02-2025 10:28:58.335 [Gauge] [INFO] Gauge daemon initialized and listening on port: 54475
01-02-2025 10:28:58.336 [Gauge] [DEBUG] Watching directory: /Applications/IntelliJ IDEA CE.app/Contents/Projects/ParaTransferWebAutomationProject/specs
01-02-2025 10:28:58.336 [Gauge] [DEBUG] Found 1 files
01-02-2025 11:17:41.114 [Gauge] [DEBUG] Spec file added / modified: /Applications/IntelliJ IDEA CE.app/Contents/Projects/ParaTransferWebAutomationProject/specs/ParaTransferWebAppTestScenarios.spec
01-02-2025 11:17:41.115 [Gauge] [DEBUG] Spec file removed: /Applications/IntelliJ IDEA CE.app/Contents/Projects/ParaTransferWebAutomationProject/specs/beymenWebSiteTestScenarios.spec
01-02-2025 11:21:01.181 [Gauge] [DEBUG] Api Request Received: messageType:GetStepValueRequest  messageId:4  stepValueRequest:{stepText:"Beymen HomePage Check"}
01-02-2025 11:21:01.182 [Gauge] [DEBUG] Sending API response: messageType:GetStepValueResponse  messageId:4  stepValueResponse:{stepValue:{stepValue:"Beymen HomePage Check"  parameterizedStepValue:"Beymen HomePage Check"}}
01-02-2025 11:21:01.185 [Gauge] [DEBUG] Api Request Received: messageType:GetStepValueRequest  messageId:4  stepValueRequest:{stepText:"read Data From Excel For First"}
01-02-2025 11:21:01.185 [Gauge] [DEBUG] Sending API response: messageType:GetStepValueResponse  messageId:4  stepValueResponse:{stepValue:{stepValue:"read Data From Excel For First"  parameterizedStepValue:"read Data From Excel For First"}}
01-02-2025 11:21:01.185 [Gauge] [DEBUG] Api Request Received: messageType:GetStepValueRequest  messageId:4  stepValueRequest:{stepText:"type Data To Search Bar First"}
01-02-2025 11:21:01.185 [Gauge] [DEBUG] Sending API response: messageType:GetStepValueResponse  messageId:4  stepValueResponse:{stepValue:{stepValue:"type Data To Search Bar First"  parameterizedStepValue:"type Data To Search Bar First"}}
01-02-2025 11:21:01.185 [Gauge] [DEBUG] Api Request Received: messageType:GetStepValueRequest  messageId:4  stepValueRequest:{stepText:"clean To Search Bar"}
01-02-2025 11:21:01.185 [Gauge] [DEBUG] Sending API response: messageType:GetStepValueResponse  messageId:4  stepValueResponse:{stepValue:{stepValue:"clean To Search Bar"  parameterizedStepValue:"clean To Search Bar"}}
01-02-2025 11:21:01.185 [Gauge] [DEBUG] Api Request Received: messageType:GetStepValueRequest  messageId:4  stepValueRequest:{stepText:"read Data From Excel For Second"}
01-02-2025 11:21:01.185 [Gauge] [DEBUG] Sending API response: messageType:GetStepValueResponse  messageId:4  stepValueResponse:{stepValue:{stepValue:"read Data From Excel For Second"  parameterizedStepValue:"read Data From Excel For Second"}}
01-02-2025 11:21:01.185 [Gauge] [DEBUG] Api Request Received: messageType:GetStepValueRequest  messageId:4  stepValueRequest:{stepText:"type Data To Search Bar Second"}
01-02-2025 11:21:01.185 [Gauge] [DEBUG] Sending API response: messageType:GetStepValueResponse  messageId:4  stepValueResponse:{stepValue:{stepValue:"type Data To Search Bar Second"  parameterizedStepValue:"type Data To Search Bar Second"}}
01-02-2025 11:21:01.185 [Gauge] [DEBUG] Api Request Received: messageType:GetStepValueRequest  messageId:4  stepValueRequest:{stepText:"send Key Data With Enter"}
01-02-2025 11:21:01.185 [Gauge] [DEBUG] Sending API response: messageType:GetStepValueResponse  messageId:4  stepValueResponse:{stepValue:{stepValue:"send Key Data With Enter"  parameterizedStepValue:"send Key Data With Enter"}}
01-02-2025 11:21:01.185 [Gauge] [DEBUG] Api Request Received: messageType:GetStepValueRequest  messageId:4  stepValueRequest:{stepText:"choose Random Shirt"}
01-02-2025 11:21:01.185 [Gauge] [DEBUG] Sending API response: messageType:GetStepValueResponse  messageId:4  stepValueResponse:{stepValue:{stepValue:"choose Random Shirt"  parameterizedStepValue:"choose Random Shirt"}}
01-02-2025 11:21:01.186 [Gauge] [DEBUG] Api Request Received: messageType:GetStepValueRequest  messageId:4  stepValueRequest:{stepText:"get And Write Details To Txt"}
01-02-2025 11:21:01.186 [Gauge] [DEBUG] Sending API response: messageType:GetStepValueResponse  messageId:4  stepValueResponse:{stepValue:{stepValue:"get And Write Details To Txt"  parameterizedStepValue:"get And Write Details To Txt"}}
01-02-2025 11:21:01.186 [Gauge] [DEBUG] Api Request Received: messageType:GetStepValueRequest  messageId:4  stepValueRequest:{stepText:"add Product To Basket"}
01-02-2025 11:21:01.186 [Gauge] [DEBUG] Sending API response: messageType:GetStepValueResponse  messageId:4  stepValueResponse:{stepValue:{stepValue:"add Product To Basket"  parameterizedStepValue:"add Product To Basket"}}
01-02-2025 11:21:01.186 [Gauge] [DEBUG] Api Request Received: messageType:GetStepValueRequest  messageId:4  stepValueRequest:{stepText:"open The Basket"}
01-02-2025 11:21:01.186 [Gauge] [DEBUG] Sending API response: messageType:GetStepValueResponse  messageId:4  stepValueResponse:{stepValue:{stepValue:"open The Basket"  parameterizedStepValue:"open The Basket"}}
01-02-2025 11:21:01.186 [Gauge] [DEBUG] Api Request Received: messageType:GetStepValueRequest  messageId:4  stepValueRequest:{stepText:"comparison Of Product Price And Basket Price"}
01-02-2025 11:21:01.186 [Gauge] [DEBUG] Sending API response: messageType:GetStepValueResponse  messageId:4  stepValueResponse:{stepValue:{stepValue:"comparison Of Product Price And Basket Price"  parameterizedStepValue:"comparison Of Product Price And Basket Price"}}
01-02-2025 11:21:01.186 [Gauge] [DEBUG] Api Request Received: messageType:GetStepValueRequest  messageId:4  stepValueRequest:{stepText:"increase Number Products"}
01-02-2025 11:21:01.186 [Gauge] [DEBUG] Sending API response: messageType:GetStepValueResponse  messageId:4  stepValueResponse:{stepValue:{stepValue:"increase Number Products"  parameterizedStepValue:"increase Number Products"}}
01-02-2025 11:21:01.186 [Gauge] [DEBUG] Api Request Received: messageType:GetStepValueRequest  messageId:4  stepValueRequest:{stepText:"product Number Check"}
01-02-2025 11:21:01.186 [Gauge] [DEBUG] Sending API response: messageType:GetStepValueResponse  messageId:4  stepValueResponse:{stepValue:{stepValue:"product Number Check"  parameterizedStepValue:"product Number Check"}}
01-02-2025 11:21:01.186 [Gauge] [DEBUG] Api Request Received: messageType:GetStepValueRequest  messageId:4  stepValueRequest:{stepText:"delete Products From Basket And Check"}
01-02-2025 11:21:01.186 [Gauge] [DEBUG] Sending API response: messageType:GetStepValueResponse  messageId:4  stepValueResponse:{stepValue:{stepValue:"delete Products From Basket And Check"  parameterizedStepValue:"delete Products From Basket And Check"}}
01-02-2025 11:24:27.664 [Gauge] [DEBUG] Api Request Received: messageType:GetStepValueRequest  messageId:4  stepValueRequest:{stepText:"P HomePage Check"}
01-02-2025 11:24:27.665 [Gauge] [DEBUG] Sending API response: messageType:GetStepValueResponse  messageId:4  stepValueResponse:{stepValue:{stepValue:"P HomePage Check"  parameterizedStepValue:"P HomePage Check"}}
01-02-2025 11:24:27.761 [Gauge] [DEBUG] Api Request Received: messageType:GetAllStepsRequest  messageId:2  allStepsRequest:{}
01-02-2025 11:24:27.761 [Gauge] [DEBUG] Sending API response: messageType:GetAllStepResponse  messageId:2  allStepsResponse:{allSteps:{stepValue:"add Product To Basket"  parameterizedStepValue:"add Product To Basket"}  allSteps:{stepValue:"comparison Of Product Price And Basket Price"  parameterizedStepValue:"comparison Of Product Price And Basket Price"}  allSteps:{stepValue:"get And Write Details To Txt"  parameterizedStepValue:"get And Write Details To Txt"}  allSteps:{stepValue:"delete Products From Basket And Check"  parameterizedStepValue:"delete Products From Basket And Check"}  allSteps:{stepValue:"Beymen HomePage Check"  parameterizedStepValue:"Beymen HomePage Check"}  allSteps:{stepValue:"clean To Search Bar"  parameterizedStepValue:"clean To Search Bar"}  allSteps:{stepValue:"type Data To Search Bar Second"  parameterizedStepValue:"type Data To Search Bar Second"}  allSteps:{stepValue:"send Key Data With Enter"  parameterizedStepValue:"send Key Data With Enter"}  allSteps:{stepValue:"read Data From Excel For First"  parameterizedStepValue:"read Data From Excel For First"}  allSteps:{stepValue:"type Data To Search Bar First"  parameterizedStepValue:"type Data To Search Bar First"}  allSteps:{stepValue:"choose Random Shirt"  parameterizedStepValue:"choose Random Shirt"}  allSteps:{stepValue:"increase Number Products"  parameterizedStepValue:"increase Number Products"}  allSteps:{stepValue:"read Data From Excel For Second"  parameterizedStepValue:"read Data From Excel For Second"}  allSteps:{stepValue:"open The Basket"  parameterizedStepValue:"open The Basket"}  allSteps:{stepValue:"product Number Check"  parameterizedStepValue:"product Number Check"}}
01-02-2025 11:24:27.763 [Gauge] [DEBUG] Api Request Received: messageType:GetAllConceptsRequest  messageId:6  allConceptsRequest:{}
01-02-2025 11:24:27.763 [Gauge] [DEBUG] Sending API response: messageType:GetAllConceptsResponse  messageId:6  allConceptsResponse:{}
01-02-2025 11:24:28.150 [Gauge] [DEBUG] Api Request Received: messageType:GetStepValueRequest  messageId:4  stepValueRequest:{stepText:"Pa HomePage Check"}
01-02-2025 11:24:28.150 [Gauge] [DEBUG] Sending API response: messageType:GetStepValueResponse  messageId:4  stepValueResponse:{stepValue:{stepValue:"Pa HomePage Check"  parameterizedStepValue:"Pa HomePage Check"}}
01-02-2025 11:24:28.456 [Gauge] [DEBUG] Api Request Received: messageType:GetStepValueRequest  messageId:4  stepValueRequest:{stepText:"Par HomePage Check"}
01-02-2025 11:24:28.456 [Gauge] [DEBUG] Sending API response: messageType:GetStepValueResponse  messageId:4  stepValueResponse:{stepValue:{stepValue:"Par HomePage Check"  parameterizedStepValue:"Par HomePage Check"}}
01-02-2025 11:24:29.499 [Gauge] [DEBUG] Api Request Received: messageType:GetStepValueRequest  messageId:4  stepValueRequest:{stepText:"Para HomePage Check"}
01-02-2025 11:24:29.499 [Gauge] [DEBUG] Sending API response: messageType:GetStepValueResponse  messageId:4  stepValueResponse:{stepValue:{stepValue:"Para HomePage Check"  parameterizedStepValue:"Para HomePage Check"}}
01-02-2025 11:24:32.104 [Gauge] [DEBUG] Api Request Received: messageType:GetStepValueRequest  messageId:4  stepValueRequest:{stepText:"ParaT HomePage Check"}
01-02-2025 11:24:32.104 [Gauge] [DEBUG] Sending API response: messageType:GetStepValueResponse  messageId:4  stepValueResponse:{stepValue:{stepValue:"ParaT HomePage Check"  parameterizedStepValue:"ParaT HomePage Check"}}
01-02-2025 11:24:32.328 [Gauge] [DEBUG] Api Request Received: messageType:GetStepValueRequest  messageId:4  stepValueRequest:{stepText:"ParaTr HomePage Check"}
01-02-2025 11:24:32.328 [Gauge] [DEBUG] Sending API response: messageType:GetStepValueResponse  messageId:4  stepValueResponse:{stepValue:{stepValue:"ParaTr HomePage Check"  parameterizedStepValue:"ParaTr HomePage Check"}}
01-02-2025 11:24:32.485 [Gauge] [DEBUG] Api Request Received: messageType:GetStepValueRequest  messageId:4  stepValueRequest:{stepText:"ParaTra HomePage Check"}
01-02-2025 11:24:32.485 [Gauge] [DEBUG] Sending API response: messageType:GetStepValueResponse  messageId:4  stepValueResponse:{stepValue:{stepValue:"ParaTra HomePage Check"  parameterizedStepValue:"ParaTra HomePage Check"}}
01-02-2025 11:24:33.582 [Gauge] [DEBUG] Api Request Received: messageType:GetStepValueRequest  messageId:4  stepValueRequest:{stepText:"ParaTran HomePage Check"}
01-02-2025 11:24:33.582 [Gauge] [DEBUG] Sending API response: messageType:GetStepValueResponse  messageId:4  stepValueResponse:{stepValue:{stepValue:"ParaTran HomePage Check"  parameterizedStepValue:"ParaTran HomePage Check"}}
01-02-2025 11:24:33.831 [Gauge] [DEBUG] Api Request Received: messageType:GetStepValueRequest  messageId:4  stepValueRequest:{stepText:"ParaTrans HomePage Check"}
01-02-2025 11:24:33.831 [Gauge] [DEBUG] Sending API response: messageType:GetStepValueResponse  messageId:4  stepValueResponse:{stepValue:{stepValue:"ParaTrans HomePage Check"  parameterizedStepValue:"ParaTrans HomePage Check"}}
01-02-2025 11:24:34.245 [Gauge] [DEBUG] Api Request Received: messageType:GetStepValueRequest  messageId:4  stepValueRequest:{stepText:"ParaTransf HomePage Check"}
01-02-2025 11:24:34.245 [Gauge] [DEBUG] Sending API response: messageType:GetStepValueResponse  messageId:4  stepValueResponse:{stepValue:{stepValue:"ParaTransf HomePage Check"  parameterizedStepValue:"ParaTransf HomePage Check"}}
01-02-2025 11:24:34.491 [Gauge] [DEBUG] Api Request Received: messageType:GetStepValueRequest  messageId:4  stepValueRequest:{stepText:"ParaTransfr HomePage Check"}
01-02-2025 11:24:34.491 [Gauge] [DEBUG] Sending API response: messageType:GetStepValueResponse  messageId:4  stepValueResponse:{stepValue:{stepValue:"ParaTransfr HomePage Check"  parameterizedStepValue:"ParaTransfr HomePage Check"}}
01-02-2025 11:24:34.635 [Gauge] [DEBUG] Api Request Received: messageType:GetStepValueRequest  messageId:4  stepValueRequest:{stepText:"ParaTransfre HomePage Check"}
01-02-2025 11:24:34.635 [Gauge] [DEBUG] Sending API response: messageType:GetStepValueResponse  messageId:4  stepValueResponse:{stepValue:{stepValue:"ParaTransfre HomePage Check"  parameterizedStepValue:"ParaTransfre HomePage Check"}}
01-02-2025 11:24:36.208 [Gauge] [DEBUG] Api Request Received: messageType:GetStepValueRequest  messageId:4  stepValueRequest:{stepText:"ParaTransfe HomePage Check"}
01-02-2025 11:24:36.208 [Gauge] [DEBUG] Sending API response: messageType:GetStepValueResponse  messageId:4  stepValueResponse:{stepValue:{stepValue:"ParaTransfe HomePage Check"  parameterizedStepValue:"ParaTransfe HomePage Check"}}
01-02-2025 11:24:36.211 [Gauge] [DEBUG] Api Request Received: messageType:GetAllStepsRequest  messageId:2  allStepsRequest:{}
01-02-2025 11:24:36.212 [Gauge] [DEBUG] Sending API response: messageType:GetAllStepResponse  messageId:2  allStepsResponse:{allSteps:{stepValue:"clean To Search Bar"  parameterizedStepValue:"clean To Search Bar"}  allSteps:{stepValue:"type Data To Search Bar Second"  parameterizedStepValue:"type Data To Search Bar Second"}  allSteps:{stepValue:"choose Random Shirt"  parameterizedStepValue:"choose Random Shirt"}  allSteps:{stepValue:"type Data To Search Bar First"  parameterizedStepValue:"type Data To Search Bar First"}  allSteps:{stepValue:"increase Number Products"  parameterizedStepValue:"increase Number Products"}  allSteps:{stepValue:"delete Products From Basket And Check"  parameterizedStepValue:"delete Products From Basket And Check"}  allSteps:{stepValue:"read Data From Excel For First"  parameterizedStepValue:"read Data From Excel For First"}  allSteps:{stepValue:"get And Write Details To Txt"  parameterizedStepValue:"get And Write Details To Txt"}  allSteps:{stepValue:"add Product To Basket"  parameterizedStepValue:"add Product To Basket"}  allSteps:{stepValue:"product Number Check"  parameterizedStepValue:"product Number Check"}  allSteps:{stepValue:"Beymen HomePage Check"  parameterizedStepValue:"Beymen HomePage Check"}  allSteps:{stepValue:"read Data From Excel For Second"  parameterizedStepValue:"read Data From Excel For Second"}  allSteps:{stepValue:"send Key Data With Enter"  parameterizedStepValue:"send Key Data With Enter"}  allSteps:{stepValue:"open The Basket"  parameterizedStepValue:"open The Basket"}  allSteps:{stepValue:"comparison Of Product Price And Basket Price"  parameterizedStepValue:"comparison Of Product Price And Basket Price"}}
01-02-2025 11:24:36.212 [Gauge] [DEBUG] Api Request Received: messageType:GetAllConceptsRequest  messageId:6  allConceptsRequest:{}
01-02-2025 11:24:36.212 [Gauge] [DEBUG] Sending API response: messageType:GetAllConceptsResponse  messageId:6  allConceptsResponse:{}
01-02-2025 11:24:36.212 [Gauge] [DEBUG] Api Request Received: messageType:GetAllStepsRequest  messageId:2  allStepsRequest:{}
01-02-2025 11:24:36.212 [Gauge] [DEBUG] Sending API response: messageType:GetAllStepResponse  messageId:2  allStepsResponse:{allSteps:{stepValue:"Beymen HomePage Check"  parameterizedStepValue:"Beymen HomePage Check"}  allSteps:{stepValue:"type Data To Search Bar First"  parameterizedStepValue:"type Data To Search Bar First"}  allSteps:{stepValue:"type Data To Search Bar Second"  parameterizedStepValue:"type Data To Search Bar Second"}  allSteps:{stepValue:"add Product To Basket"  parameterizedStepValue:"add Product To Basket"}  allSteps:{stepValue:"increase Number Products"  parameterizedStepValue:"increase Number Products"}  allSteps:{stepValue:"read Data From Excel For First"  parameterizedStepValue:"read Data From Excel For First"}  allSteps:{stepValue:"clean To Search Bar"  parameterizedStepValue:"clean To Search Bar"}  allSteps:{stepValue:"send Key Data With Enter"  parameterizedStepValue:"send Key Data With Enter"}  allSteps:{stepValue:"read Data From Excel For Second"  parameterizedStepValue:"read Data From Excel For Second"}  allSteps:{stepValue:"choose Random Shirt"  parameterizedStepValue:"choose Random Shirt"}  allSteps:{stepValue:"get And Write Details To Txt"  parameterizedStepValue:"get And Write Details To Txt"}  allSteps:{stepValue:"open The Basket"  parameterizedStepValue:"open The Basket"}  allSteps:{stepValue:"comparison Of Product Price And Basket Price"  parameterizedStepValue:"comparison Of Product Price And Basket Price"}  allSteps:{stepValue:"delete Products From Basket And Check"  parameterizedStepValue:"delete Products From Basket And Check"}  allSteps:{stepValue:"product Number Check"  parameterizedStepValue:"product Number Check"}}
01-02-2025 11:24:36.213 [Gauge] [DEBUG] Api Request Received: messageType:GetAllConceptsRequest  messageId:6  allConceptsRequest:{}
01-02-2025 11:24:36.213 [Gauge] [DEBUG] Sending API response: messageType:GetAllConceptsResponse  messageId:6  allConceptsResponse:{}
01-02-2025 11:24:36.318 [Gauge] [DEBUG] Api Request Received: messageType:GetStepValueRequest  messageId:4  stepValueRequest:{stepText:"ParaTransfer HomePage Check"}
01-02-2025 11:24:36.318 [Gauge] [DEBUG] Sending API response: messageType:GetStepValueResponse  messageId:4  stepValueResponse:{stepValue:{stepValue:"ParaTransfer HomePage Check"  parameterizedStepValue:"ParaTransfer HomePage Check"}}
01-02-2025 11:33:27.113 [Gauge] [DEBUG] Spec file added / modified: /Applications/IntelliJ IDEA CE.app/Contents/Projects/ParaTransferWebAutomationProject/specs/ParaTransferWebAppTestScenarios.spec
01-02-2025 12:01:41.049 [Gauge] [DEBUG] Api Request Received: messageType:GetStepValueRequest  messageId:4  stepValueRequest:{}
01-02-2025 12:01:41.049 [Gauge] [DEBUG] Sending API response: messageType:GetStepValueResponse  messageId:4  stepValueResponse:{stepValue:{}}
01-02-2025 12:01:41.054 [Gauge] [DEBUG] Api Request Received: messageType:GetStepValueRequest  messageId:4  stepValueRequest:{}
01-02-2025 12:01:41.054 [Gauge] [DEBUG] Sending API response: messageType:GetStepValueResponse  messageId:4  stepValueResponse:{stepValue:{}}
01-02-2025 12:01:41.106 [Gauge] [DEBUG] Api Request Received: messageType:GetStepValueRequest  messageId:4  stepValueRequest:{}
01-02-2025 12:01:41.106 [Gauge] [DEBUG] Sending API response: messageType:GetStepValueResponse  messageId:4  stepValueResponse:{stepValue:{}}
01-02-2025 12:01:41.106 [Gauge] [DEBUG] Api Request Received: messageType:GetStepValueRequest  messageId:4  stepValueRequest:{}
01-02-2025 12:01:41.107 [Gauge] [DEBUG] Sending API response: messageType:GetStepValueResponse  messageId:4  stepValueResponse:{stepValue:{}}
01-02-2025 12:01:41.142 [Gauge] [DEBUG] Api Request Received: messageType:GetStepValueRequest  messageId:4  stepValueRequest:{}
01-02-2025 12:01:41.142 [Gauge] [DEBUG] Sending API response: messageType:GetStepValueResponse  messageId:4  stepValueResponse:{stepValue:{}}
01-02-2025 12:01:41.142 [Gauge] [DEBUG] Api Request Received: messageType:GetStepValueRequest  messageId:4  stepValueRequest:{}
01-02-2025 12:01:41.142 [Gauge] [DEBUG] Sending API response: messageType:GetStepValueResponse  messageId:4  stepValueResponse:{stepValue:{}}
01-02-2025 12:01:41.351 [Gauge] [DEBUG] Api Request Received: messageType:GetStepValueRequest  messageId:4  stepValueRequest:{}
01-02-2025 12:01:41.351 [Gauge] [DEBUG] Sending API response: messageType:GetStepValueResponse  messageId:4  stepValueResponse:{stepValue:{}}
01-02-2025 12:01:43.472 [Gauge] [DEBUG] Api Request Received: messageType:GetStepValueRequest  messageId:4  stepValueRequest:{}
01-02-2025 12:01:43.472 [Gauge] [DEBUG] Sending API response: messageType:GetStepValueResponse  messageId:4  stepValueResponse:{stepValue:{}}
01-02-2025 12:01:43.477 [Gauge] [DEBUG] Api Request Received: messageType:GetStepValueRequest  messageId:4  stepValueRequest:{}
01-02-2025 12:01:43.478 [Gauge] [DEBUG] Sending API response: messageType:GetStepValueResponse  messageId:4  stepValueResponse:{stepValue:{}}
01-02-2025 12:01:43.531 [Gauge] [DEBUG] Api Request Received: messageType:GetStepValueRequest  messageId:4  stepValueRequest:{}
01-02-2025 12:01:43.531 [Gauge] [DEBUG] Sending API response: messageType:GetStepValueResponse  messageId:4  stepValueResponse:{stepValue:{}}
01-02-2025 12:01:43.531 [Gauge] [DEBUG] Api Request Received: messageType:GetStepValueRequest  messageId:4  stepValueRequest:{}
01-02-2025 12:01:43.531 [Gauge] [DEBUG] Sending API response: messageType:GetStepValueResponse  messageId:4  stepValueResponse:{stepValue:{}}
01-02-2025 12:01:43.774 [Gauge] [DEBUG] Api Request Received: messageType:GetStepValueRequest  messageId:4  stepValueRequest:{}
01-02-2025 12:01:43.774 [Gauge] [DEBUG] Sending API response: messageType:GetStepValueResponse  messageId:4  stepValueResponse:{stepValue:{}}
01-02-2025 12:01:44.768 [Gauge] [DEBUG] Api Request Received: messageType:GetStepValueRequest  messageId:4  stepValueRequest:{stepText:"P"}
01-02-2025 12:01:44.768 [Gauge] [DEBUG] Sending API response: messageType:GetStepValueResponse  messageId:4  stepValueResponse:{stepValue:{stepValue:"P"  parameterizedStepValue:"P"}}
01-02-2025 12:01:44.775 [Gauge] [DEBUG] Api Request Received: messageType:GetAllStepsRequest  messageId:2  allStepsRequest:{}
01-02-2025 12:01:44.776 [Gauge] [DEBUG] Sending API response: messageType:GetAllStepResponse  messageId:2  allStepsResponse:{allSteps:{stepValue:"type Data To Search Bar First"  parameterizedStepValue:"type Data To Search Bar First"}  allSteps:{stepValue:"add Product To Basket"  parameterizedStepValue:"add Product To Basket"}  allSteps:{stepValue:"delete Products From Basket And Check"  parameterizedStepValue:"delete Products From Basket And Check"}  allSteps:{stepValue:"choose Random Shirt"  parameterizedStepValue:"choose Random Shirt"}  allSteps:{stepValue:"product Number Check"  parameterizedStepValue:"product Number Check"}  allSteps:{stepValue:"type Data To Search Bar Second"  parameterizedStepValue:"type Data To Search Bar Second"}  allSteps:{stepValue:"get And Write Details To Txt"  parameterizedStepValue:"get And Write Details To Txt"}  allSteps:{stepValue:"open The Basket"  parameterizedStepValue:"open The Basket"}  allSteps:{stepValue:"comparison Of Product Price And Basket Price"  parameterizedStepValue:"comparison Of Product Price And Basket Price"}  allSteps:{stepValue:"ParaTransfer HomePage Check"  parameterizedStepValue:"ParaTransfer HomePage Check"}  allSteps:{stepValue:"read Data From Excel For First"  parameterizedStepValue:"read Data From Excel For First"}  allSteps:{stepValue:"clean To Search Bar"  parameterizedStepValue:"clean To Search Bar"}  allSteps:{stepValue:"read Data From Excel For Second"  parameterizedStepValue:"read Data From Excel For Second"}  allSteps:{stepValue:"send Key Data With Enter"  parameterizedStepValue:"send Key Data With Enter"}  allSteps:{stepValue:"increase Number Products"  parameterizedStepValue:"increase Number Products"}}
01-02-2025 12:01:44.776 [Gauge] [DEBUG] Api Request Received: messageType:GetAllConceptsRequest  messageId:6  allConceptsRequest:{}
01-02-2025 12:01:44.776 [Gauge] [DEBUG] Sending API response: messageType:GetAllConceptsResponse  messageId:6  allConceptsResponse:{}
01-02-2025 12:01:46.570 [Gauge] [DEBUG] Api Request Received: messageType:GetStepValueRequest  messageId:4  stepValueRequest:{}
01-02-2025 12:01:46.570 [Gauge] [DEBUG] Sending API response: messageType:GetStepValueResponse  messageId:4  stepValueResponse:{stepValue:{}}
01-02-2025 12:01:46.572 [Gauge] [DEBUG] Api Request Received: messageType:GetStepValueRequest  messageId:4  stepValueRequest:{}
01-02-2025 12:01:46.572 [Gauge] [DEBUG] Sending API response: messageType:GetStepValueResponse  messageId:4  stepValueResponse:{stepValue:{}}
01-02-2025 12:01:46.623 [Gauge] [DEBUG] Api Request Received: messageType:GetStepValueRequest  messageId:4  stepValueRequest:{}
01-02-2025 12:01:46.624 [Gauge] [DEBUG] Sending API response: messageType:GetStepValueResponse  messageId:4  stepValueResponse:{stepValue:{}}
01-02-2025 12:01:46.624 [Gauge] [DEBUG] Api Request Received: messageType:GetStepValueRequest  messageId:4  stepValueRequest:{}
01-02-2025 12:01:46.624 [Gauge] [DEBUG] Sending API response: messageType:GetStepValueResponse  messageId:4  stepValueResponse:{stepValue:{}}
01-02-2025 12:01:46.872 [Gauge] [DEBUG] Api Request Received: messageType:GetStepValueRequest  messageId:4  stepValueRequest:{}
01-02-2025 12:01:46.872 [Gauge] [DEBUG] Sending API response: messageType:GetStepValueResponse  messageId:4  stepValueResponse:{stepValue:{}}
01-02-2025 12:01:50.049 [Gauge] [DEBUG] Api Request Received: messageType:GetAllStepsRequest  messageId:2  allStepsRequest:{}
01-02-2025 12:01:50.049 [Gauge] [DEBUG] Sending API response: messageType:GetAllStepResponse  messageId:2  allStepsResponse:{allSteps:{stepValue:"send Key Data With Enter"  parameterizedStepValue:"send Key Data With Enter"}  allSteps:{stepValue:"choose Random Shirt"  parameterizedStepValue:"choose Random Shirt"}  allSteps:{stepValue:"product Number Check"  parameterizedStepValue:"product Number Check"}  allSteps:{stepValue:"ParaTransfer HomePage Check"  parameterizedStepValue:"ParaTransfer HomePage Check"}  allSteps:{stepValue:"read Data From Excel For First"  parameterizedStepValue:"read Data From Excel For First"}  allSteps:{stepValue:"get And Write Details To Txt"  parameterizedStepValue:"get And Write Details To Txt"}  allSteps:{stepValue:"delete Products From Basket And Check"  parameterizedStepValue:"delete Products From Basket And Check"}  allSteps:{stepValue:"type Data To Search Bar Second"  parameterizedStepValue:"type Data To Search Bar Second"}  allSteps:{stepValue:"open The Basket"  parameterizedStepValue:"open The Basket"}  allSteps:{stepValue:"read Data From Excel For Second"  parameterizedStepValue:"read Data From Excel For Second"}  allSteps:{stepValue:"add Product To Basket"  parameterizedStepValue:"add Product To Basket"}  allSteps:{stepValue:"comparison Of Product Price And Basket Price"  parameterizedStepValue:"comparison Of Product Price And Basket Price"}  allSteps:{stepValue:"increase Number Products"  parameterizedStepValue:"increase Number Products"}  allSteps:{stepValue:"type Data To Search Bar First"  parameterizedStepValue:"type Data To Search Bar First"}  allSteps:{stepValue:"clean To Search Bar"  parameterizedStepValue:"clean To Search Bar"}}
01-02-2025 12:01:50.050 [Gauge] [DEBUG] Api Request Received: messageType:GetAllConceptsRequest  messageId:6  allConceptsRequest:{}
01-02-2025 12:01:50.050 [Gauge] [DEBUG] Sending API response: messageType:GetAllConceptsResponse  messageId:6  allConceptsResponse:{}
01-02-2025 12:01:50.482 [Gauge] [DEBUG] Api Request Received: messageType:GetStepValueRequest  messageId:4  stepValueRequest:{stepText:"Pa"}
01-02-2025 12:01:50.483 [Gauge] [DEBUG] Sending API response: messageType:GetStepValueResponse  messageId:4  stepValueResponse:{stepValue:{stepValue:"Pa"  parameterizedStepValue:"Pa"}}
01-02-2025 12:01:50.594 [Gauge] [DEBUG] Api Request Received: messageType:GetStepValueRequest  messageId:4  stepValueRequest:{stepText:"Par"}
01-02-2025 12:01:50.594 [Gauge] [DEBUG] Sending API response: messageType:GetStepValueResponse  messageId:4  stepValueResponse:{stepValue:{stepValue:"Par"  parameterizedStepValue:"Par"}}
01-02-2025 12:01:51.130 [Gauge] [DEBUG] Api Request Received: messageType:GetStepValueRequest  messageId:4  stepValueRequest:{stepText:"Para"}
01-02-2025 12:01:51.130 [Gauge] [DEBUG] Sending API response: messageType:GetStepValueResponse  messageId:4  stepValueResponse:{stepValue:{stepValue:"Para"  parameterizedStepValue:"Para"}}
01-02-2025 12:01:53.256 [Gauge] [DEBUG] Api Request Received: messageType:GetStepValueRequest  messageId:4  stepValueRequest:{stepText:"ParaT"}
01-02-2025 12:01:53.256 [Gauge] [DEBUG] Sending API response: messageType:GetStepValueResponse  messageId:4  stepValueResponse:{stepValue:{stepValue:"ParaT"  parameterizedStepValue:"ParaT"}}
01-02-2025 12:01:53.403 [Gauge] [DEBUG] Api Request Received: messageType:GetStepValueRequest  messageId:4  stepValueRequest:{stepText:"ParaTa"}
01-02-2025 12:01:53.403 [Gauge] [DEBUG] Sending API response: messageType:GetStepValueResponse  messageId:4  stepValueResponse:{stepValue:{stepValue:"ParaTa"  parameterizedStepValue:"ParaTa"}}
01-02-2025 12:01:53.569 [Gauge] [DEBUG] Api Request Received: messageType:GetStepValueRequest  messageId:4  stepValueRequest:{stepText:"ParaTar"}
01-02-2025 12:01:53.569 [Gauge] [DEBUG] Sending API response: messageType:GetStepValueResponse  messageId:4  stepValueResponse:{stepValue:{stepValue:"ParaTar"  parameterizedStepValue:"ParaTar"}}
01-02-2025 12:01:54.392 [Gauge] [DEBUG] Api Request Received: messageType:GetStepValueRequest  messageId:4  stepValueRequest:{stepText:"ParaTr"}
01-02-2025 12:01:54.392 [Gauge] [DEBUG] Sending API response: messageType:GetStepValueResponse  messageId:4  stepValueResponse:{stepValue:{stepValue:"ParaTr"  parameterizedStepValue:"ParaTr"}}
01-02-2025 12:01:54.396 [Gauge] [DEBUG] Api Request Received: messageType:GetAllStepsRequest  messageId:2  allStepsRequest:{}
01-02-2025 12:01:54.396 [Gauge] [DEBUG] Sending API response: messageType:GetAllStepResponse  messageId:2  allStepsResponse:{allSteps:{stepValue:"delete Products From Basket And Check"  parameterizedStepValue:"delete Products From Basket And Check"}  allSteps:{stepValue:"type Data To Search Bar Second"  parameterizedStepValue:"type Data To Search Bar Second"}  allSteps:{stepValue:"send Key Data With Enter"  parameterizedStepValue:"send Key Data With Enter"}  allSteps:{stepValue:"get And Write Details To Txt"  parameterizedStepValue:"get And Write Details To Txt"}  allSteps:{stepValue:"add Product To Basket"  parameterizedStepValue:"add Product To Basket"}  allSteps:{stepValue:"ParaTransfer HomePage Check"  parameterizedStepValue:"ParaTransfer HomePage Check"}  allSteps:{stepValue:"clean To Search Bar"  parameterizedStepValue:"clean To Search Bar"}  allSteps:{stepValue:"comparison Of Product Price And Basket Price"  parameterizedStepValue:"comparison Of Product Price And Basket Price"}  allSteps:{stepValue:"read Data From Excel For First"  parameterizedStepValue:"read Data From Excel For First"}  allSteps:{stepValue:"type Data To Search Bar First"  parameterizedStepValue:"type Data To Search Bar First"}  allSteps:{stepValue:"open The Basket"  parameterizedStepValue:"open The Basket"}  allSteps:{stepValue:"product Number Check"  parameterizedStepValue:"product Number Check"}  allSteps:{stepValue:"read Data From Excel For Second"  parameterizedStepValue:"read Data From Excel For Second"}  allSteps:{stepValue:"choose Random Shirt"  parameterizedStepValue:"choose Random Shirt"}  allSteps:{stepValue:"increase Number Products"  parameterizedStepValue:"increase Number Products"}}
01-02-2025 12:01:54.397 [Gauge] [DEBUG] Api Request Received: messageType:GetAllConceptsRequest  messageId:6  allConceptsRequest:{}
01-02-2025 12:01:54.397 [Gauge] [DEBUG] Sending API response: messageType:GetAllConceptsResponse  messageId:6  allConceptsResponse:{}
01-02-2025 12:01:54.656 [Gauge] [DEBUG] Api Request Received: messageType:GetStepValueRequest  messageId:4  stepValueRequest:{stepText:"ParaTra"}
01-02-2025 12:01:54.656 [Gauge] [DEBUG] Sending API response: messageType:GetStepValueResponse  messageId:4  stepValueResponse:{stepValue:{stepValue:"ParaTra"  parameterizedStepValue:"ParaTra"}}
01-02-2025 12:01:55.420 [Gauge] [DEBUG] Api Request Received: messageType:GetStepValueRequest  messageId:4  stepValueRequest:{stepText:"ParaTras"}
01-02-2025 12:01:55.421 [Gauge] [DEBUG] Sending API response: messageType:GetStepValueResponse  messageId:4  stepValueResponse:{stepValue:{stepValue:"ParaTras"  parameterizedStepValue:"ParaTras"}}
01-02-2025 12:01:55.704 [Gauge] [DEBUG] Api Request Received: messageType:GetStepValueRequest  messageId:4  stepValueRequest:{stepText:"ParaTrasn"}
01-02-2025 12:01:55.704 [Gauge] [DEBUG] Sending API response: messageType:GetStepValueResponse  messageId:4  stepValueResponse:{stepValue:{stepValue:"ParaTrasn"  parameterizedStepValue:"ParaTrasn"}}
01-02-2025 12:01:55.983 [Gauge] [DEBUG] Api Request Received: messageType:GetStepValueRequest  messageId:4  stepValueRequest:{stepText:"ParaTrasnf"}
01-02-2025 12:01:55.983 [Gauge] [DEBUG] Sending API response: messageType:GetStepValueResponse  messageId:4  stepValueResponse:{stepValue:{stepValue:"ParaTrasnf"  parameterizedStepValue:"ParaTrasnf"}}
01-02-2025 12:01:56.137 [Gauge] [DEBUG] Api Request Received: messageType:GetStepValueRequest  messageId:4  stepValueRequest:{stepText:"ParaTrasnfe"}
01-02-2025 12:01:56.137 [Gauge] [DEBUG] Sending API response: messageType:GetStepValueResponse  messageId:4  stepValueResponse:{stepValue:{stepValue:"ParaTrasnfe"  parameterizedStepValue:"ParaTrasnfe"}}
01-02-2025 12:01:56.248 [Gauge] [DEBUG] Api Request Received: messageType:GetStepValueRequest  messageId:4  stepValueRequest:{stepText:"ParaTrasnfer"}
01-02-2025 12:01:56.248 [Gauge] [DEBUG] Sending API response: messageType:GetStepValueResponse  messageId:4  stepValueResponse:{stepValue:{stepValue:"ParaTrasnfer"  parameterizedStepValue:"ParaTrasnfer"}}
01-02-2025 12:01:58.370 [Gauge] [DEBUG] Api Request Received: messageType:GetStepValueRequest  messageId:4  stepValueRequest:{stepText:"ParaTran"}
01-02-2025 12:01:58.370 [Gauge] [DEBUG] Sending API response: messageType:GetStepValueResponse  messageId:4  stepValueResponse:{stepValue:{stepValue:"ParaTran"  parameterizedStepValue:"ParaTran"}}
01-02-2025 12:01:58.375 [Gauge] [DEBUG] Api Request Received: messageType:GetAllStepsRequest  messageId:2  allStepsRequest:{}
01-02-2025 12:01:58.375 [Gauge] [DEBUG] Sending API response: messageType:GetAllStepResponse  messageId:2  allStepsResponse:{allSteps:{stepValue:"send Key Data With Enter"  parameterizedStepValue:"send Key Data With Enter"}  allSteps:{stepValue:"delete Products From Basket And Check"  parameterizedStepValue:"delete Products From Basket And Check"}  allSteps:{stepValue:"ParaTransfer HomePage Check"  parameterizedStepValue:"ParaTransfer HomePage Check"}  allSteps:{stepValue:"clean To Search Bar"  parameterizedStepValue:"clean To Search Bar"}  allSteps:{stepValue:"read Data From Excel For Second"  parameterizedStepValue:"read Data From Excel For Second"}  allSteps:{stepValue:"type Data To Search Bar Second"  parameterizedStepValue:"type Data To Search Bar Second"}  allSteps:{stepValue:"product Number Check"  parameterizedStepValue:"product Number Check"}  allSteps:{stepValue:"type Data To Search Bar First"  parameterizedStepValue:"type Data To Search Bar First"}  allSteps:{stepValue:"get And Write Details To Txt"  parameterizedStepValue:"get And Write Details To Txt"}  allSteps:{stepValue:"comparison Of Product Price And Basket Price"  parameterizedStepValue:"comparison Of Product Price And Basket Price"}  allSteps:{stepValue:"increase Number Products"  parameterizedStepValue:"increase Number Products"}  allSteps:{stepValue:"read Data From Excel For First"  parameterizedStepValue:"read Data From Excel For First"}  allSteps:{stepValue:"choose Random Shirt"  parameterizedStepValue:"choose Random Shirt"}  allSteps:{stepValue:"open The Basket"  parameterizedStepValue:"open The Basket"}  allSteps:{stepValue:"add Product To Basket"  parameterizedStepValue:"add Product To Basket"}}
01-02-2025 12:01:58.376 [Gauge] [DEBUG] Api Request Received: messageType:GetAllConceptsRequest  messageId:6  allConceptsRequest:{}
01-02-2025 12:01:58.376 [Gauge] [DEBUG] Sending API response: messageType:GetAllConceptsResponse  messageId:6  allConceptsResponse:{}
01-02-2025 12:01:58.460 [Gauge] [DEBUG] Api Request Received: messageType:GetStepValueRequest  messageId:4  stepValueRequest:{stepText:"ParaTrans"}
01-02-2025 12:01:58.460 [Gauge] [DEBUG] Sending API response: messageType:GetStepValueResponse  messageId:4  stepValueResponse:{stepValue:{stepValue:"ParaTrans"  parameterizedStepValue:"ParaTrans"}}
01-02-2025 12:01:59.141 [Gauge] [DEBUG] Api Request Received: messageType:GetStepValueRequest  messageId:4  stepValueRequest:{stepText:"ParaTransf"}
01-02-2025 12:01:59.141 [Gauge] [DEBUG] Sending API response: messageType:GetStepValueResponse  messageId:4  stepValueResponse:{stepValue:{stepValue:"ParaTransf"  parameterizedStepValue:"ParaTransf"}}
01-02-2025 12:01:59.299 [Gauge] [DEBUG] Api Request Received: messageType:GetStepValueRequest  messageId:4  stepValueRequest:{stepText:"ParaTransfe"}
01-02-2025 12:01:59.299 [Gauge] [DEBUG] Sending API response: messageType:GetStepValueResponse  messageId:4  stepValueResponse:{stepValue:{stepValue:"ParaTransfe"  parameterizedStepValue:"ParaTransfe"}}
01-02-2025 12:01:59.409 [Gauge] [DEBUG] Api Request Received: messageType:GetStepValueRequest  messageId:4  stepValueRequest:{stepText:"ParaTransfer"}
01-02-2025 12:01:59.409 [Gauge] [DEBUG] Sending API response: messageType:GetStepValueResponse  messageId:4  stepValueResponse:{stepValue:{stepValue:"ParaTransfer"  parameterizedStepValue:"ParaTransfer"}}
01-02-2025 12:02:00.328 [Gauge] [DEBUG] Api Request Received: messageType:GetStepValueRequest  messageId:4  stepValueRequest:{stepText:"ParaTransfer P"}
01-02-2025 12:02:00.328 [Gauge] [DEBUG] Sending API response: messageType:GetStepValueResponse  messageId:4  stepValueResponse:{stepValue:{stepValue:"ParaTransfer P"  parameterizedStepValue:"ParaTransfer P"}}
01-02-2025 12:02:00.331 [Gauge] [DEBUG] Api Request Received: messageType:GetAllStepsRequest  messageId:2  allStepsRequest:{}
01-02-2025 12:02:00.331 [Gauge] [DEBUG] Sending API response: messageType:GetAllStepResponse  messageId:2  allStepsResponse:{allSteps:{stepValue:"comparison Of Product Price And Basket Price"  parameterizedStepValue:"comparison Of Product Price And Basket Price"}  allSteps:{stepValue:"product Number Check"  parameterizedStepValue:"product Number Check"}  allSteps:{stepValue:"get And Write Details To Txt"  parameterizedStepValue:"get And Write Details To Txt"}  allSteps:{stepValue:"open The Basket"  parameterizedStepValue:"open The Basket"}  allSteps:{stepValue:"clean To Search Bar"  parameterizedStepValue:"clean To Search Bar"}  allSteps:{stepValue:"increase Number Products"  parameterizedStepValue:"increase Number Products"}  allSteps:{stepValue:"delete Products From Basket And Check"  parameterizedStepValue:"delete Products From Basket And Check"}  allSteps:{stepValue:"read Data From Excel For First"  parameterizedStepValue:"read Data From Excel For First"}  allSteps:{stepValue:"type Data To Search Bar First"  parameterizedStepValue:"type Data To Search Bar First"}  allSteps:{stepValue:"read Data From Excel For Second"  parameterizedStepValue:"read Data From Excel For Second"}  allSteps:{stepValue:"send Key Data With Enter"  parameterizedStepValue:"send Key Data With Enter"}  allSteps:{stepValue:"choose Random Shirt"  parameterizedStepValue:"choose Random Shirt"}  allSteps:{stepValue:"add Product To Basket"  parameterizedStepValue:"add Product To Basket"}  allSteps:{stepValue:"ParaTransfer HomePage Check"  parameterizedStepValue:"ParaTransfer HomePage Check"}  allSteps:{stepValue:"type Data To Search Bar Second"  parameterizedStepValue:"type Data To Search Bar Second"}}
01-02-2025 12:02:00.331 [Gauge] [DEBUG] Api Request Received: messageType:GetAllConceptsRequest  messageId:6  allConceptsRequest:{}
01-02-2025 12:02:00.331 [Gauge] [DEBUG] Sending API response: messageType:GetAllConceptsResponse  messageId:6  allConceptsResponse:{}
01-02-2025 12:02:00.332 [Gauge] [DEBUG] Api Request Received: messageType:GetAllStepsRequest  messageId:2  allStepsRequest:{}
01-02-2025 12:02:00.332 [Gauge] [DEBUG] Sending API response: messageType:GetAllStepResponse  messageId:2  allStepsResponse:{allSteps:{stepValue:"comparison Of Product Price And Basket Price"  parameterizedStepValue:"comparison Of Product Price And Basket Price"}  allSteps:{stepValue:"delete Products From Basket And Check"  parameterizedStepValue:"delete Products From Basket And Check"}  allSteps:{stepValue:"read Data From Excel For First"  parameterizedStepValue:"read Data From Excel For First"}  allSteps:{stepValue:"add Product To Basket"  parameterizedStepValue:"add Product To Basket"}  allSteps:{stepValue:"send Key Data With Enter"  parameterizedStepValue:"send Key Data With Enter"}  allSteps:{stepValue:"choose Random Shirt"  parameterizedStepValue:"choose Random Shirt"}  allSteps:{stepValue:"read Data From Excel For Second"  parameterizedStepValue:"read Data From Excel For Second"}  allSteps:{stepValue:"type Data To Search Bar Second"  parameterizedStepValue:"type Data To Search Bar Second"}  allSteps:{stepValue:"ParaTransfer HomePage Check"  parameterizedStepValue:"ParaTransfer HomePage Check"}  allSteps:{stepValue:"get And Write Details To Txt"  parameterizedStepValue:"get And Write Details To Txt"}  allSteps:{stepValue:"open The Basket"  parameterizedStepValue:"open The Basket"}  allSteps:{stepValue:"increase Number Products"  parameterizedStepValue:"increase Number Products"}  allSteps:{stepValue:"product Number Check"  parameterizedStepValue:"product Number Check"}  allSteps:{stepValue:"type Data To Search Bar First"  parameterizedStepValue:"type Data To Search Bar First"}  allSteps:{stepValue:"clean To Search Bar"  parameterizedStepValue:"clean To Search Bar"}}
01-02-2025 12:02:00.332 [Gauge] [DEBUG] Api Request Received: messageType:GetAllConceptsRequest  messageId:6  allConceptsRequest:{}
01-02-2025 12:02:00.332 [Gauge] [DEBUG] Sending API response: messageType:GetAllConceptsResponse  messageId:6  allConceptsResponse:{}
01-02-2025 12:02:00.451 [Gauge] [DEBUG] Api Request Received: messageType:GetStepValueRequest  messageId:4  stepValueRequest:{stepText:"ParaTransfer Pr"}
01-02-2025 12:02:00.451 [Gauge] [DEBUG] Sending API response: messageType:GetStepValueResponse  messageId:4  stepValueResponse:{stepValue:{stepValue:"ParaTransfer Pr"  parameterizedStepValue:"ParaTransfer Pr"}}
01-02-2025 12:02:00.608 [Gauge] [DEBUG] Api Request Received: messageType:GetStepValueRequest  messageId:4  stepValueRequest:{stepText:"ParaTransfer Pre"}
01-02-2025 12:02:00.608 [Gauge] [DEBUG] Sending API response: messageType:GetStepValueResponse  messageId:4  stepValueResponse:{stepValue:{stepValue:"ParaTransfer Pre"  parameterizedStepValue:"ParaTransfer Pre"}}
01-02-2025 12:02:01.367 [Gauge] [DEBUG] Api Request Received: messageType:GetStepValueRequest  messageId:4  stepValueRequest:{stepText:"ParaTransfer PreC"}
01-02-2025 12:02:01.367 [Gauge] [DEBUG] Sending API response: messageType:GetStepValueResponse  messageId:4  stepValueResponse:{stepValue:{stepValue:"ParaTransfer PreC"  parameterizedStepValue:"ParaTransfer PreC"}}
01-02-2025 12:02:01.560 [Gauge] [DEBUG] Api Request Received: messageType:GetStepValueRequest  messageId:4  stepValueRequest:{stepText:"ParaTransfer PreCo"}
01-02-2025 12:02:01.560 [Gauge] [DEBUG] Sending API response: messageType:GetStepValueResponse  messageId:4  stepValueResponse:{stepValue:{stepValue:"ParaTransfer PreCo"  parameterizedStepValue:"ParaTransfer PreCo"}}
01-02-2025 12:02:01.828 [Gauge] [DEBUG] Api Request Received: messageType:GetStepValueRequest  messageId:4  stepValueRequest:{stepText:"ParaTransfer PreCon"}
01-02-2025 12:02:01.828 [Gauge] [DEBUG] Sending API response: messageType:GetStepValueResponse  messageId:4  stepValueResponse:{stepValue:{stepValue:"ParaTransfer PreCon"  parameterizedStepValue:"ParaTransfer PreCon"}}
01-02-2025 12:02:01.914 [Gauge] [DEBUG] Api Request Received: messageType:GetStepValueRequest  messageId:4  stepValueRequest:{stepText:"ParaTransfer PreCond"}
01-02-2025 12:02:01.914 [Gauge] [DEBUG] Sending API response: messageType:GetStepValueResponse  messageId:4  stepValueResponse:{stepValue:{stepValue:"ParaTransfer PreCond"  parameterizedStepValue:"ParaTransfer PreCond"}}
01-02-2025 12:02:02.140 [Gauge] [DEBUG] Api Request Received: messageType:GetStepValueRequest  messageId:4  stepValueRequest:{stepText:"ParaTransfer PreCondi"}
01-02-2025 12:02:02.140 [Gauge] [DEBUG] Sending API response: messageType:GetStepValueResponse  messageId:4  stepValueResponse:{stepValue:{stepValue:"ParaTransfer PreCondi"  parameterizedStepValue:"ParaTransfer PreCondi"}}
01-02-2025 12:02:02.363 [Gauge] [DEBUG] Api Request Received: messageType:GetStepValueRequest  messageId:4  stepValueRequest:{stepText:"ParaTransfer PreCondit"}
01-02-2025 12:02:02.363 [Gauge] [DEBUG] Sending API response: messageType:GetStepValueResponse  messageId:4  stepValueResponse:{stepValue:{stepValue:"ParaTransfer PreCondit"  parameterizedStepValue:"ParaTransfer PreCondit"}}
01-02-2025 12:02:02.455 [Gauge] [DEBUG] Api Request Received: messageType:GetStepValueRequest  messageId:4  stepValueRequest:{stepText:"ParaTransfer PreConditi"}
01-02-2025 12:02:02.455 [Gauge] [DEBUG] Sending API response: messageType:GetStepValueResponse  messageId:4  stepValueResponse:{stepValue:{stepValue:"ParaTransfer PreConditi"  parameterizedStepValue:"ParaTransfer PreConditi"}}
01-02-2025 12:02:02.945 [Gauge] [DEBUG] Api Request Received: messageType:GetStepValueRequest  messageId:4  stepValueRequest:{stepText:"ParaTransfer PreConditio"}
01-02-2025 12:02:02.946 [Gauge] [DEBUG] Sending API response: messageType:GetStepValueResponse  messageId:4  stepValueResponse:{stepValue:{stepValue:"ParaTransfer PreConditio"  parameterizedStepValue:"ParaTransfer PreConditio"}}
01-02-2025 12:02:03.171 [Gauge] [DEBUG] Api Request Received: messageType:GetStepValueRequest  messageId:4  stepValueRequest:{stepText:"ParaTransfer PreCondition"}
01-02-2025 12:02:03.171 [Gauge] [DEBUG] Sending API response: messageType:GetStepValueResponse  messageId:4  stepValueResponse:{stepValue:{stepValue:"ParaTransfer PreCondition"  parameterizedStepValue:"ParaTransfer PreCondition"}}
01-02-2025 12:03:35.708 [Gauge] [DEBUG] Spec file added / modified: /Applications/IntelliJ IDEA CE.app/Contents/Projects/ParaTransferWebAutomationProject/specs/ParaTransferWebAppTestScenarios.spec
01-02-2025 12:17:01.690 [Gauge] [DEBUG] Api Request Received: messageType:GetStepValueRequest  messageId:4  stepValueRequest:{}
01-02-2025 12:17:01.692 [Gauge] [DEBUG] Sending API response: messageType:GetStepValueResponse  messageId:4  stepValueResponse:{stepValue:{}}
01-02-2025 12:17:01.706 [Gauge] [DEBUG] Api Request Received: messageType:GetStepValueRequest  messageId:4  stepValueRequest:{}
01-02-2025 12:17:01.706 [Gauge] [DEBUG] Sending API response: messageType:GetStepValueResponse  messageId:4  stepValueResponse:{stepValue:{}}
01-02-2025 12:17:01.801 [Gauge] [DEBUG] Api Request Received: messageType:GetStepValueRequest  messageId:4  stepValueRequest:{}
01-02-2025 12:17:01.801 [Gauge] [DEBUG] Sending API response: messageType:GetStepValueResponse  messageId:4  stepValueResponse:{stepValue:{}}
01-02-2025 12:17:01.801 [Gauge] [DEBUG] Api Request Received: messageType:GetStepValueRequest  messageId:4  stepValueRequest:{}
01-02-2025 12:17:01.801 [Gauge] [DEBUG] Sending API response: messageType:GetStepValueResponse  messageId:4  stepValueResponse:{stepValue:{}}
01-02-2025 12:17:01.844 [Gauge] [DEBUG] Api Request Received: messageType:GetStepValueRequest  messageId:4  stepValueRequest:{}
01-02-2025 12:17:01.845 [Gauge] [DEBUG] Sending API response: messageType:GetStepValueResponse  messageId:4  stepValueResponse:{stepValue:{}}
01-02-2025 12:17:01.845 [Gauge] [DEBUG] Api Request Received: messageType:GetStepValueRequest  messageId:4  stepValueRequest:{}
01-02-2025 12:17:01.845 [Gauge] [DEBUG] Sending API response: messageType:GetStepValueResponse  messageId:4  stepValueResponse:{stepValue:{}}
01-02-2025 12:17:02.026 [Gauge] [DEBUG] Api Request Received: messageType:GetStepValueRequest  messageId:4  stepValueRequest:{}
01-02-2025 12:17:02.026 [Gauge] [DEBUG] Sending API response: messageType:GetStepValueResponse  messageId:4  stepValueResponse:{stepValue:{}}
01-02-2025 12:17:02.379 [Gauge] [DEBUG] Api Request Received: messageType:GetStepValueRequest  messageId:4  stepValueRequest:{}
01-02-2025 12:17:02.379 [Gauge] [DEBUG] Sending API response: messageType:GetStepValueResponse  messageId:4  stepValueResponse:{stepValue:{}}
01-02-2025 12:17:02.383 [Gauge] [DEBUG] Api Request Received: messageType:GetStepValueRequest  messageId:4  stepValueRequest:{}
01-02-2025 12:17:02.383 [Gauge] [DEBUG] Sending API response: messageType:GetStepValueResponse  messageId:4  stepValueResponse:{stepValue:{}}
01-02-2025 12:17:02.439 [Gauge] [DEBUG] Api Request Received: messageType:GetStepValueRequest  messageId:4  stepValueRequest:{}
01-02-2025 12:17:02.439 [Gauge] [DEBUG] Sending API response: messageType:GetStepValueResponse  messageId:4  stepValueResponse:{stepValue:{}}
01-02-2025 12:17:02.440 [Gauge] [DEBUG] Api Request Received: messageType:GetStepValueRequest  messageId:4  stepValueRequest:{}
01-02-2025 12:17:02.440 [Gauge] [DEBUG] Sending API response: messageType:GetStepValueResponse  messageId:4  stepValueResponse:{stepValue:{}}
01-02-2025 12:17:02.685 [Gauge] [DEBUG] Api Request Received: messageType:GetStepValueRequest  messageId:4  stepValueRequest:{}
01-02-2025 12:17:02.685 [Gauge] [DEBUG] Sending API response: messageType:GetStepValueResponse  messageId:4  stepValueResponse:{stepValue:{}}
01-02-2025 12:17:03.307 [Gauge] [DEBUG] Api Request Received: messageType:GetAllStepsRequest  messageId:2  allStepsRequest:{}
01-02-2025 12:17:03.308 [Gauge] [DEBUG] Sending API response: messageType:GetAllStepResponse  messageId:2  allStepsResponse:{allSteps:{stepValue:"ParaTransfer HomePage Check"  parameterizedStepValue:"ParaTransfer HomePage Check"}  allSteps:{stepValue:"open The Basket"  parameterizedStepValue:"open The Basket"}  allSteps:{stepValue:"delete Products From Basket And Check"  parameterizedStepValue:"delete Products From Basket And Check"}  allSteps:{stepValue:"ParaTransfer PreCondition"  parameterizedStepValue:"ParaTransfer PreCondition"}  allSteps:{stepValue:"get And Write Details To Txt"  parameterizedStepValue:"get And Write Details To Txt"}  allSteps:{stepValue:"add Product To Basket"  parameterizedStepValue:"add Product To Basket"}  allSteps:{stepValue:"comparison Of Product Price And Basket Price"  parameterizedStepValue:"comparison Of Product Price And Basket Price"}  allSteps:{stepValue:"increase Number Products"  parameterizedStepValue:"increase Number Products"}  allSteps:{stepValue:"product Number Check"  parameterizedStepValue:"product Number Check"}}
01-02-2025 12:17:03.308 [Gauge] [DEBUG] Api Request Received: messageType:GetAllConceptsRequest  messageId:6  allConceptsRequest:{}
01-02-2025 12:17:03.308 [Gauge] [DEBUG] Sending API response: messageType:GetAllConceptsResponse  messageId:6  allConceptsResponse:{}
01-02-2025 12:17:37.278 [Gauge] [DEBUG] Api Request Received: messageType:GetStepValueRequest  messageId:4  stepValueRequest:{stepText:"O"}
01-02-2025 12:17:37.279 [Gauge] [DEBUG] Sending API response: messageType:GetStepValueResponse  messageId:4  stepValueResponse:{stepValue:{stepValue:"O"  parameterizedStepValue:"O"}}
01-02-2025 12:17:37.283 [Gauge] [DEBUG] Api Request Received: messageType:GetAllStepsRequest  messageId:2  allStepsRequest:{}
01-02-2025 12:17:37.283 [Gauge] [DEBUG] Sending API response: messageType:GetAllStepResponse  messageId:2  allStepsResponse:{allSteps:{stepValue:"get And Write Details To Txt"  parameterizedStepValue:"get And Write Details To Txt"}  allSteps:{stepValue:"open The Basket"  parameterizedStepValue:"open The Basket"}  allSteps:{stepValue:"comparison Of Product Price And Basket Price"  parameterizedStepValue:"comparison Of Product Price And Basket Price"}  allSteps:{stepValue:"increase Number Products"  parameterizedStepValue:"increase Number Products"}  allSteps:{stepValue:"product Number Check"  parameterizedStepValue:"product Number Check"}  allSteps:{stepValue:"ParaTransfer HomePage Check"  parameterizedStepValue:"ParaTransfer HomePage Check"}  allSteps:{stepValue:"add Product To Basket"  parameterizedStepValue:"add Product To Basket"}  allSteps:{stepValue:"delete Products From Basket And Check"  parameterizedStepValue:"delete Products From Basket And Check"}  allSteps:{stepValue:"ParaTransfer PreCondition"  parameterizedStepValue:"ParaTransfer PreCondition"}}
01-02-2025 12:17:37.283 [Gauge] [DEBUG] Api Request Received: messageType:GetAllConceptsRequest  messageId:6  allConceptsRequest:{}
01-02-2025 12:17:37.283 [Gauge] [DEBUG] Sending API response: messageType:GetAllConceptsResponse  messageId:6  allConceptsResponse:{}
01-02-2025 12:17:37.401 [Gauge] [DEBUG] Api Request Received: messageType:GetStepValueRequest  messageId:4  stepValueRequest:{stepText:"Op"}
01-02-2025 12:17:37.401 [Gauge] [DEBUG] Sending API response: messageType:GetStepValueResponse  messageId:4  stepValueResponse:{stepValue:{stepValue:"Op"  parameterizedStepValue:"Op"}}
01-02-2025 12:17:37.543 [Gauge] [DEBUG] Api Request Received: messageType:GetStepValueRequest  messageId:4  stepValueRequest:{stepText:"Ope"}
01-02-2025 12:17:37.543 [Gauge] [DEBUG] Sending API response: messageType:GetStepValueResponse  messageId:4  stepValueResponse:{stepValue:{stepValue:"Ope"  parameterizedStepValue:"Ope"}}
01-02-2025 12:17:37.825 [Gauge] [DEBUG] Api Request Received: messageType:GetStepValueRequest  messageId:4  stepValueRequest:{stepText:"Open"}
01-02-2025 12:17:37.825 [Gauge] [DEBUG] Sending API response: messageType:GetStepValueResponse  messageId:4  stepValueResponse:{stepValue:{stepValue:"Open"  parameterizedStepValue:"Open"}}
01-02-2025 12:17:39.367 [Gauge] [DEBUG] Api Request Received: messageType:GetStepValueRequest  messageId:4  stepValueRequest:{stepText:"Open t"}
01-02-2025 12:17:39.367 [Gauge] [DEBUG] Sending API response: messageType:GetStepValueResponse  messageId:4  stepValueResponse:{stepValue:{stepValue:"Open t"  parameterizedStepValue:"Open t"}}
01-02-2025 12:17:39.480 [Gauge] [DEBUG] Api Request Received: messageType:GetAllStepsRequest  messageId:2  allStepsRequest:{}
01-02-2025 12:17:39.480 [Gauge] [DEBUG] Sending API response: messageType:GetAllStepResponse  messageId:2  allStepsResponse:{allSteps:{stepValue:"ParaTransfer PreCondition"  parameterizedStepValue:"ParaTransfer PreCondition"}  allSteps:{stepValue:"get And Write Details To Txt"  parameterizedStepValue:"get And Write Details To Txt"}  allSteps:{stepValue:"comparison Of Product Price And Basket Price"  parameterizedStepValue:"comparison Of Product Price And Basket Price"}  allSteps:{stepValue:"delete Products From Basket And Check"  parameterizedStepValue:"delete Products From Basket And Check"}  allSteps:{stepValue:"ParaTransfer HomePage Check"  parameterizedStepValue:"ParaTransfer HomePage Check"}  allSteps:{stepValue:"add Product To Basket"  parameterizedStepValue:"add Product To Basket"}  allSteps:{stepValue:"open The Basket"  parameterizedStepValue:"open The Basket"}  allSteps:{stepValue:"increase Number Products"  parameterizedStepValue:"increase Number Products"}  allSteps:{stepValue:"product Number Check"  parameterizedStepValue:"product Number Check"}}
01-02-2025 12:17:39.481 [Gauge] [DEBUG] Api Request Received: messageType:GetAllConceptsRequest  messageId:6  allConceptsRequest:{}
01-02-2025 12:17:39.481 [Gauge] [DEBUG] Sending API response: messageType:GetAllConceptsResponse  messageId:6  allConceptsResponse:{}
01-02-2025 12:17:39.591 [Gauge] [DEBUG] Api Request Received: messageType:GetStepValueRequest  messageId:4  stepValueRequest:{stepText:"Open th"}
01-02-2025 12:17:39.591 [Gauge] [DEBUG] Sending API response: messageType:GetStepValueResponse  messageId:4  stepValueResponse:{stepValue:{stepValue:"Open th"  parameterizedStepValue:"Open th"}}
01-02-2025 12:17:39.778 [Gauge] [DEBUG] Api Request Received: messageType:GetStepValueRequest  messageId:4  stepValueRequest:{stepText:"Open the"}
01-02-2025 12:17:39.778 [Gauge] [DEBUG] Sending API response: messageType:GetStepValueResponse  messageId:4  stepValueResponse:{stepValue:{stepValue:"Open the"  parameterizedStepValue:"Open the"}}
01-02-2025 12:17:43.429 [Gauge] [DEBUG] Api Request Received: messageType:GetStepValueRequest  messageId:4  stepValueRequest:{stepText:"Open the P"}
01-02-2025 12:17:43.430 [Gauge] [DEBUG] Sending API response: messageType:GetStepValueResponse  messageId:4  stepValueResponse:{stepValue:{stepValue:"Open the P"  parameterizedStepValue:"Open the P"}}
01-02-2025 12:17:43.434 [Gauge] [DEBUG] Api Request Received: messageType:GetAllStepsRequest  messageId:2  allStepsRequest:{}
01-02-2025 12:17:43.434 [Gauge] [DEBUG] Sending API response: messageType:GetAllStepResponse  messageId:2  allStepsResponse:{allSteps:{stepValue:"ParaTransfer HomePage Check"  parameterizedStepValue:"ParaTransfer HomePage Check"}  allSteps:{stepValue:"get And Write Details To Txt"  parameterizedStepValue:"get And Write Details To Txt"}  allSteps:{stepValue:"add Product To Basket"  parameterizedStepValue:"add Product To Basket"}  allSteps:{stepValue:"comparison Of Product Price And Basket Price"  parameterizedStepValue:"comparison Of Product Price And Basket Price"}  allSteps:{stepValue:"increase Number Products"  parameterizedStepValue:"increase Number Products"}  allSteps:{stepValue:"delete Products From Basket And Check"  parameterizedStepValue:"delete Products From Basket And Check"}  allSteps:{stepValue:"ParaTransfer PreCondition"  parameterizedStepValue:"ParaTransfer PreCondition"}  allSteps:{stepValue:"product Number Check"  parameterizedStepValue:"product Number Check"}  allSteps:{stepValue:"open The Basket"  parameterizedStepValue:"open The Basket"}}
01-02-2025 12:17:43.434 [Gauge] [DEBUG] Api Request Received: messageType:GetAllConceptsRequest  messageId:6  allConceptsRequest:{}
01-02-2025 12:17:43.435 [Gauge] [DEBUG] Sending API response: messageType:GetAllConceptsResponse  messageId:6  allConceptsResponse:{}
01-02-2025 12:17:43.435 [Gauge] [DEBUG] Api Request Received: messageType:GetAllStepsRequest  messageId:2  allStepsRequest:{}
01-02-2025 12:17:43.435 [Gauge] [DEBUG] Sending API response: messageType:GetAllStepResponse  messageId:2  allStepsResponse:{allSteps:{stepValue:"ParaTransfer HomePage Check"  parameterizedStepValue:"ParaTransfer HomePage Check"}  allSteps:{stepValue:"get And Write Details To Txt"  parameterizedStepValue:"get And Write Details To Txt"}  allSteps:{stepValue:"open The Basket"  parameterizedStepValue:"open The Basket"}  allSteps:{stepValue:"comparison Of Product Price And Basket Price"  parameterizedStepValue:"comparison Of Product Price And Basket Price"}  allSteps:{stepValue:"increase Number Products"  parameterizedStepValue:"increase Number Products"}  allSteps:{stepValue:"product Number Check"  parameterizedStepValue:"product Number Check"}  allSteps:{stepValue:"delete Products From Basket And Check"  parameterizedStepValue:"delete Products From Basket And Check"}  allSteps:{stepValue:"ParaTransfer PreCondition"  parameterizedStepValue:"ParaTransfer PreCondition"}  allSteps:{stepValue:"add Product To Basket"  parameterizedStepValue:"add Product To Basket"}}
01-02-2025 12:17:43.435 [Gauge] [DEBUG] Api Request Received: messageType:GetAllConceptsRequest  messageId:6  allConceptsRequest:{}
01-02-2025 12:17:43.435 [Gauge] [DEBUG] Sending API response: messageType:GetAllConceptsResponse  messageId:6  allConceptsResponse:{}
01-02-2025 12:17:44.034 [Gauge] [DEBUG] Api Request Received: messageType:GetStepValueRequest  messageId:4  stepValueRequest:{stepText:"Open the Pr"}
01-02-2025 12:17:44.034 [Gauge] [DEBUG] Sending API response: messageType:GetStepValueResponse  messageId:4  stepValueResponse:{stepValue:{stepValue:"Open the Pr"  parameterizedStepValue:"Open the Pr"}}
01-02-2025 12:17:44.134 [Gauge] [DEBUG] Api Request Received: messageType:GetStepValueRequest  messageId:4  stepValueRequest:{stepText:"Open the Pra"}
01-02-2025 12:17:44.134 [Gauge] [DEBUG] Sending API response: messageType:GetStepValueResponse  messageId:4  stepValueResponse:{stepValue:{stepValue:"Open the Pra"  parameterizedStepValue:"Open the Pra"}}
01-02-2025 12:17:44.989 [Gauge] [DEBUG] Api Request Received: messageType:GetStepValueRequest  messageId:4  stepValueRequest:{stepText:"Open the Pa"}
01-02-2025 12:17:44.989 [Gauge] [DEBUG] Sending API response: messageType:GetStepValueResponse  messageId:4  stepValueResponse:{stepValue:{stepValue:"Open the Pa"  parameterizedStepValue:"Open the Pa"}}
01-02-2025 12:17:44.994 [Gauge] [DEBUG] Api Request Received: messageType:GetAllStepsRequest  messageId:2  allStepsRequest:{}
01-02-2025 12:17:44.994 [Gauge] [DEBUG] Sending API response: messageType:GetAllStepResponse  messageId:2  allStepsResponse:{allSteps:{stepValue:"ParaTransfer HomePage Check"  parameterizedStepValue:"ParaTransfer HomePage Check"}  allSteps:{stepValue:"get And Write Details To Txt"  parameterizedStepValue:"get And Write Details To Txt"}  allSteps:{stepValue:"comparison Of Product Price And Basket Price"  parameterizedStepValue:"comparison Of Product Price And Basket Price"}  allSteps:{stepValue:"increase Number Products"  parameterizedStepValue:"increase Number Products"}  allSteps:{stepValue:"ParaTransfer PreCondition"  parameterizedStepValue:"ParaTransfer PreCondition"}  allSteps:{stepValue:"add Product To Basket"  parameterizedStepValue:"add Product To Basket"}  allSteps:{stepValue:"open The Basket"  parameterizedStepValue:"open The Basket"}  allSteps:{stepValue:"product Number Check"  parameterizedStepValue:"product Number Check"}  allSteps:{stepValue:"delete Products From Basket And Check"  parameterizedStepValue:"delete Products From Basket And Check"}}
01-02-2025 12:17:44.994 [Gauge] [DEBUG] Api Request Received: messageType:GetAllConceptsRequest  messageId:6  allConceptsRequest:{}
01-02-2025 12:17:44.994 [Gauge] [DEBUG] Sending API response: messageType:GetAllConceptsResponse  messageId:6  allConceptsResponse:{}
01-02-2025 12:17:44.994 [Gauge] [DEBUG] Api Request Received: messageType:GetAllStepsRequest  messageId:2  allStepsRequest:{}
01-02-2025 12:17:44.994 [Gauge] [DEBUG] Sending API response: messageType:GetAllStepResponse  messageId:2  allStepsResponse:{allSteps:{stepValue:"ParaTransfer HomePage Check"  parameterizedStepValue:"ParaTransfer HomePage Check"}  allSteps:{stepValue:"get And Write Details To Txt"  parameterizedStepValue:"get And Write Details To Txt"}  allSteps:{stepValue:"comparison Of Product Price And Basket Price"  parameterizedStepValue:"comparison Of Product Price And Basket Price"}  allSteps:{stepValue:"product Number Check"  parameterizedStepValue:"product Number Check"}  allSteps:{stepValue:"delete Products From Basket And Check"  parameterizedStepValue:"delete Products From Basket And Check"}  allSteps:{stepValue:"ParaTransfer PreCondition"  parameterizedStepValue:"ParaTransfer PreCondition"}  allSteps:{stepValue:"add Product To Basket"  parameterizedStepValue:"add Product To Basket"}  allSteps:{stepValue:"open The Basket"  parameterizedStepValue:"open The Basket"}  allSteps:{stepValue:"increase Number Products"  parameterizedStepValue:"increase Number Products"}}
01-02-2025 12:17:44.995 [Gauge] [DEBUG] Api Request Received: messageType:GetAllConceptsRequest  messageId:6  allConceptsRequest:{}
01-02-2025 12:17:44.995 [Gauge] [DEBUG] Sending API response: messageType:GetAllConceptsResponse  messageId:6  allConceptsResponse:{}
01-02-2025 12:17:45.160 [Gauge] [DEBUG] Api Request Received: messageType:GetStepValueRequest  messageId:4  stepValueRequest:{stepText:"Open the Par"}
01-02-2025 12:17:45.160 [Gauge] [DEBUG] Sending API response: messageType:GetStepValueResponse  messageId:4  stepValueResponse:{stepValue:{stepValue:"Open the Par"  parameterizedStepValue:"Open the Par"}}
01-02-2025 12:17:46.329 [Gauge] [DEBUG] Api Request Received: messageType:GetStepValueRequest  messageId:4  stepValueRequest:{stepText:"Open the Para"}
01-02-2025 12:17:46.329 [Gauge] [DEBUG] Sending API response: messageType:GetStepValueResponse  messageId:4  stepValueResponse:{stepValue:{stepValue:"Open the Para"  parameterizedStepValue:"Open the Para"}}
01-02-2025 12:17:48.792 [Gauge] [DEBUG] Api Request Received: messageType:GetStepValueRequest  messageId:4  stepValueRequest:{stepText:"Open the ParaT"}
01-02-2025 12:17:48.792 [Gauge] [DEBUG] Sending API response: messageType:GetStepValueResponse  messageId:4  stepValueResponse:{stepValue:{stepValue:"Open the ParaT"  parameterizedStepValue:"Open the ParaT"}}
01-02-2025 12:18:04.481 [Gauge] [DEBUG] Api Request Received: messageType:GetStepValueRequest  messageId:4  stepValueRequest:{stepText:"MTransfer PreCondition"}
01-02-2025 12:18:04.482 [Gauge] [DEBUG] Sending API response: messageType:GetStepValueResponse  messageId:4  stepValueResponse:{stepValue:{stepValue:"MTransfer PreCondition"  parameterizedStepValue:"MTransfer PreCondition"}}
01-02-2025 12:18:04.490 [Gauge] [DEBUG] Api Request Received: messageType:GetAllStepsRequest  messageId:2  allStepsRequest:{}
01-02-2025 12:18:04.490 [Gauge] [DEBUG] Sending API response: messageType:GetAllStepResponse  messageId:2  allStepsResponse:{allSteps:{stepValue:"product Number Check"  parameterizedStepValue:"product Number Check"}  allSteps:{stepValue:"delete Products From Basket And Check"  parameterizedStepValue:"delete Products From Basket And Check"}  allSteps:{stepValue:"ParaTransfer PreCondition"  parameterizedStepValue:"ParaTransfer PreCondition"}  allSteps:{stepValue:"open The Basket"  parameterizedStepValue:"open The Basket"}  allSteps:{stepValue:"add Product To Basket"  parameterizedStepValue:"add Product To Basket"}  allSteps:{stepValue:"comparison Of Product Price And Basket Price"  parameterizedStepValue:"comparison Of Product Price And Basket Price"}  allSteps:{stepValue:"increase Number Products"  parameterizedStepValue:"increase Number Products"}  allSteps:{stepValue:"ParaTransfer HomePage Check"  parameterizedStepValue:"ParaTransfer HomePage Check"}  allSteps:{stepValue:"get And Write Details To Txt"  parameterizedStepValue:"get And Write Details To Txt"}}
01-02-2025 12:18:04.491 [Gauge] [DEBUG] Api Request Received: messageType:GetAllConceptsRequest  messageId:6  allConceptsRequest:{}
01-02-2025 12:18:04.491 [Gauge] [DEBUG] Sending API response: messageType:GetAllConceptsResponse  messageId:6  allConceptsResponse:{}
01-02-2025 12:18:05.401 [Gauge] [DEBUG] Api Request Received: messageType:GetStepValueRequest  messageId:4  stepValueRequest:{stepText:"MoTransfer PreCondition"}
01-02-2025 12:18:05.402 [Gauge] [DEBUG] Sending API response: messageType:GetStepValueResponse  messageId:4  stepValueResponse:{stepValue:{stepValue:"MoTransfer PreCondition"  parameterizedStepValue:"MoTransfer PreCondition"}}
01-02-2025 12:18:06.149 [Gauge] [DEBUG] Api Request Received: messageType:GetStepValueRequest  messageId:4  stepValueRequest:{stepText:"MonTransfer PreCondition"}
01-02-2025 12:18:06.149 [Gauge] [DEBUG] Sending API response: messageType:GetStepValueResponse  messageId:4  stepValueResponse:{stepValue:{stepValue:"MonTransfer PreCondition"  parameterizedStepValue:"MonTransfer PreCondition"}}
01-02-2025 12:18:06.302 [Gauge] [DEBUG] Api Request Received: messageType:GetStepValueRequest  messageId:4  stepValueRequest:{stepText:"MoneTransfer PreCondition"}
01-02-2025 12:18:06.302 [Gauge] [DEBUG] Sending API response: messageType:GetStepValueResponse  messageId:4  stepValueResponse:{stepValue:{stepValue:"MoneTransfer PreCondition"  parameterizedStepValue:"MoneTransfer PreCondition"}}
01-02-2025 12:18:06.741 [Gauge] [DEBUG] Api Request Received: messageType:GetStepValueRequest  messageId:4  stepValueRequest:{stepText:"MoneyTransfer PreCondition"}
01-02-2025 12:18:06.741 [Gauge] [DEBUG] Sending API response: messageType:GetStepValueResponse  messageId:4  stepValueResponse:{stepValue:{stepValue:"MoneyTransfer PreCondition"  parameterizedStepValue:"MoneyTransfer PreCondition"}}
01-02-2025 12:18:07.905 [Gauge] [DEBUG] Api Request Received: messageType:GetStepValueRequest  messageId:4  stepValueRequest:{stepText:"Money Transfer PreCondition"}
01-02-2025 12:18:07.905 [Gauge] [DEBUG] Sending API response: messageType:GetStepValueResponse  messageId:4  stepValueResponse:{stepValue:{stepValue:"Money Transfer PreCondition"  parameterizedStepValue:"Money Transfer PreCondition"}}
01-02-2025 12:18:21.186 [Gauge] [DEBUG] Api Request Received: messageType:GetStepValueRequest  messageId:4  stepValueRequest:{stepText:"MoneyTransfer HomePage Check"}
01-02-2025 12:18:21.186 [Gauge] [DEBUG] Sending API response: messageType:GetStepValueResponse  messageId:4  stepValueResponse:{stepValue:{stepValue:"MoneyTransfer HomePage Check"  parameterizedStepValue:"MoneyTransfer HomePage Check"}}
01-02-2025 12:18:21.854 [Gauge] [DEBUG] Api Request Received: messageType:GetStepValueRequest  messageId:4  stepValueRequest:{stepText:"Money Transfer HomePage Check"}
01-02-2025 12:18:21.854 [Gauge] [DEBUG] Sending API response: messageType:GetStepValueResponse  messageId:4  stepValueResponse:{stepValue:{stepValue:"Money Transfer HomePage Check"  parameterizedStepValue:"Money Transfer HomePage Check"}}
01-02-2025 12:18:32.077 [Gauge] [DEBUG] Api Request Received: messageType:GetStepValueRequest  messageId:4  stepValueRequest:{stepText:"Open the Money"}
01-02-2025 12:18:32.078 [Gauge] [DEBUG] Sending API response: messageType:GetStepValueResponse  messageId:4  stepValueResponse:{stepValue:{stepValue:"Open the Money"  parameterizedStepValue:"Open the Money"}}
01-02-2025 12:18:34.079 [Gauge] [DEBUG] Api Request Received: messageType:GetStepValueRequest  messageId:4  stepValueRequest:{stepText:"Open the Money T"}
01-02-2025 12:18:34.079 [Gauge] [DEBUG] Sending API response: messageType:GetStepValueResponse  messageId:4  stepValueResponse:{stepValue:{stepValue:"Open the Money T"  parameterizedStepValue:"Open the Money T"}}
01-02-2025 12:18:34.087 [Gauge] [DEBUG] Api Request Received: messageType:GetAllStepsRequest  messageId:2  allStepsRequest:{}
01-02-2025 12:18:34.087 [Gauge] [DEBUG] Sending API response: messageType:GetAllStepResponse  messageId:2  allStepsResponse:{allSteps:{stepValue:"increase Number Products"  parameterizedStepValue:"increase Number Products"}  allSteps:{stepValue:"ParaTransfer PreCondition"  parameterizedStepValue:"ParaTransfer PreCondition"}  allSteps:{stepValue:"get And Write Details To Txt"  parameterizedStepValue:"get And Write Details To Txt"}  allSteps:{stepValue:"add Product To Basket"  parameterizedStepValue:"add Product To Basket"}  allSteps:{stepValue:"comparison Of Product Price And Basket Price"  parameterizedStepValue:"comparison Of Product Price And Basket Price"}  allSteps:{stepValue:"ParaTransfer HomePage Check"  parameterizedStepValue:"ParaTransfer HomePage Check"}  allSteps:{stepValue:"open The Basket"  parameterizedStepValue:"open The Basket"}  allSteps:{stepValue:"product Number Check"  parameterizedStepValue:"product Number Check"}  allSteps:{stepValue:"delete Products From Basket And Check"  parameterizedStepValue:"delete Products From Basket And Check"}}
01-02-2025 12:18:34.088 [Gauge] [DEBUG] Api Request Received: messageType:GetAllConceptsRequest  messageId:6  allConceptsRequest:{}
01-02-2025 12:18:34.088 [Gauge] [DEBUG] Sending API response: messageType:GetAllConceptsResponse  messageId:6  allConceptsResponse:{}
01-02-2025 12:18:34.088 [Gauge] [DEBUG] Api Request Received: messageType:GetAllStepsRequest  messageId:2  allStepsRequest:{}
01-02-2025 12:18:34.088 [Gauge] [DEBUG] Sending API response: messageType:GetAllStepResponse  messageId:2  allStepsResponse:{allSteps:{stepValue:"open The Basket"  parameterizedStepValue:"open The Basket"}  allSteps:{stepValue:"comparison Of Product Price And Basket Price"  parameterizedStepValue:"comparison Of Product Price And Basket Price"}  allSteps:{stepValue:"increase Number Products"  parameterizedStepValue:"increase Number Products"}  allSteps:{stepValue:"delete Products From Basket And Check"  parameterizedStepValue:"delete Products From Basket And Check"}  allSteps:{stepValue:"ParaTransfer PreCondition"  parameterizedStepValue:"ParaTransfer PreCondition"}  allSteps:{stepValue:"ParaTransfer HomePage Check"  parameterizedStepValue:"ParaTransfer HomePage Check"}  allSteps:{stepValue:"get And Write Details To Txt"  parameterizedStepValue:"get And Write Details To Txt"}  allSteps:{stepValue:"add Product To Basket"  parameterizedStepValue:"add Product To Basket"}  allSteps:{stepValue:"product Number Check"  parameterizedStepValue:"product Number Check"}}
01-02-2025 12:18:34.089 [Gauge] [DEBUG] Api Request Received: messageType:GetAllConceptsRequest  messageId:6  allConceptsRequest:{}
01-02-2025 12:18:34.089 [Gauge] [DEBUG] Sending API response: messageType:GetAllConceptsResponse  messageId:6  allConceptsResponse:{}
01-02-2025 12:18:34.277 [Gauge] [DEBUG] Api Request Received: messageType:GetStepValueRequest  messageId:4  stepValueRequest:{stepText:"Open the Money Ta"}
01-02-2025 12:18:34.277 [Gauge] [DEBUG] Sending API response: messageType:GetStepValueResponse  messageId:4  stepValueResponse:{stepValue:{stepValue:"Open the Money Ta"  parameterizedStepValue:"Open the Money Ta"}}
01-02-2025 12:18:34.462 [Gauge] [DEBUG] Api Request Received: messageType:GetStepValueRequest  messageId:4  stepValueRequest:{stepText:"Open the Money Tar"}
01-02-2025 12:18:34.462 [Gauge] [DEBUG] Sending API response: messageType:GetStepValueResponse  messageId:4  stepValueResponse:{stepValue:{stepValue:"Open the Money Tar"  parameterizedStepValue:"Open the Money Tar"}}
01-02-2025 12:18:34.680 [Gauge] [DEBUG] Api Request Received: messageType:GetStepValueRequest  messageId:4  stepValueRequest:{stepText:"Open the Money Tara"}
01-02-2025 12:18:34.681 [Gauge] [DEBUG] Sending API response: messageType:GetStepValueResponse  messageId:4  stepValueResponse:{stepValue:{stepValue:"Open the Money Tara"  parameterizedStepValue:"Open the Money Tara"}}
01-02-2025 12:18:36.591 [Gauge] [DEBUG] Api Request Received: messageType:GetStepValueRequest  messageId:4  stepValueRequest:{stepText:"Open the Money Tr"}
01-02-2025 12:18:36.591 [Gauge] [DEBUG] Sending API response: messageType:GetStepValueResponse  messageId:4  stepValueResponse:{stepValue:{stepValue:"Open the Money Tr"  parameterizedStepValue:"Open the Money Tr"}}
01-02-2025 12:18:36.594 [Gauge] [DEBUG] Api Request Received: messageType:GetAllStepsRequest  messageId:2  allStepsRequest:{}
01-02-2025 12:18:36.594 [Gauge] [DEBUG] Sending API response: messageType:GetAllStepResponse  messageId:2  allStepsResponse:{allSteps:{stepValue:"ParaTransfer HomePage Check"  parameterizedStepValue:"ParaTransfer HomePage Check"}  allSteps:{stepValue:"get And Write Details To Txt"  parameterizedStepValue:"get And Write Details To Txt"}  allSteps:{stepValue:"open The Basket"  parameterizedStepValue:"open The Basket"}  allSteps:{stepValue:"increase Number Products"  parameterizedStepValue:"increase Number Products"}  allSteps:{stepValue:"ParaTransfer PreCondition"  parameterizedStepValue:"ParaTransfer PreCondition"}  allSteps:{stepValue:"comparison Of Product Price And Basket Price"  parameterizedStepValue:"comparison Of Product Price And Basket Price"}  allSteps:{stepValue:"product Number Check"  parameterizedStepValue:"product Number Check"}  allSteps:{stepValue:"delete Products From Basket And Check"  parameterizedStepValue:"delete Products From Basket And Check"}  allSteps:{stepValue:"add Product To Basket"  parameterizedStepValue:"add Product To Basket"}}
01-02-2025 12:18:36.595 [Gauge] [DEBUG] Api Request Received: messageType:GetAllConceptsRequest  messageId:6  allConceptsRequest:{}
01-02-2025 12:18:36.595 [Gauge] [DEBUG] Sending API response: messageType:GetAllConceptsResponse  messageId:6  allConceptsResponse:{}
01-02-2025 12:18:36.595 [Gauge] [DEBUG] Api Request Received: messageType:GetAllStepsRequest  messageId:2  allStepsRequest:{}
01-02-2025 12:18:36.595 [Gauge] [DEBUG] Sending API response: messageType:GetAllStepResponse  messageId:2  allStepsResponse:{allSteps:{stepValue:"ParaTransfer HomePage Check"  parameterizedStepValue:"ParaTransfer HomePage Check"}  allSteps:{stepValue:"add Product To Basket"  parameterizedStepValue:"add Product To Basket"}  allSteps:{stepValue:"open The Basket"  parameterizedStepValue:"open The Basket"}  allSteps:{stepValue:"comparison Of Product Price And Basket Price"  parameterizedStepValue:"comparison Of Product Price And Basket Price"}  allSteps:{stepValue:"product Number Check"  parameterizedStepValue:"product Number Check"}  allSteps:{stepValue:"delete Products From Basket And Check"  parameterizedStepValue:"delete Products From Basket And Check"}  allSteps:{stepValue:"ParaTransfer PreCondition"  parameterizedStepValue:"ParaTransfer PreCondition"}  allSteps:{stepValue:"increase Number Products"  parameterizedStepValue:"increase Number Products"}  allSteps:{stepValue:"get And Write Details To Txt"  parameterizedStepValue:"get And Write Details To Txt"}}
01-02-2025 12:18:36.595 [Gauge] [DEBUG] Api Request Received: messageType:GetAllConceptsRequest  messageId:6  allConceptsRequest:{}
01-02-2025 12:18:36.595 [Gauge] [DEBUG] Sending API response: messageType:GetAllConceptsResponse  messageId:6  allConceptsResponse:{}
01-02-2025 12:18:36.759 [Gauge] [DEBUG] Api Request Received: messageType:GetStepValueRequest  messageId:4  stepValueRequest:{stepText:"Open the Money Tra"}
01-02-2025 12:18:36.759 [Gauge] [DEBUG] Sending API response: messageType:GetStepValueResponse  messageId:4  stepValueResponse:{stepValue:{stepValue:"Open the Money Tra"  parameterizedStepValue:"Open the Money Tra"}}
01-02-2025 12:18:37.590 [Gauge] [DEBUG] Api Request Received: messageType:GetStepValueRequest  messageId:4  stepValueRequest:{stepText:"Open the Money Tras"}
01-02-2025 12:18:37.590 [Gauge] [DEBUG] Sending API response: messageType:GetStepValueResponse  messageId:4  stepValueResponse:{stepValue:{stepValue:"Open the Money Tras"  parameterizedStepValue:"Open the Money Tras"}}
01-02-2025 12:18:38.264 [Gauge] [DEBUG] Api Request Received: messageType:GetStepValueRequest  messageId:4  stepValueRequest:{stepText:"Open the Money Trasn"}
01-02-2025 12:18:38.265 [Gauge] [DEBUG] Sending API response: messageType:GetStepValueResponse  messageId:4  stepValueResponse:{stepValue:{stepValue:"Open the Money Trasn"  parameterizedStepValue:"Open the Money Trasn"}}
01-02-2025 12:18:38.952 [Gauge] [DEBUG] Api Request Received: messageType:GetStepValueRequest  messageId:4  stepValueRequest:{stepText:"Open the Money Tran"}
01-02-2025 12:18:38.952 [Gauge] [DEBUG] Sending API response: messageType:GetStepValueResponse  messageId:4  stepValueResponse:{stepValue:{stepValue:"Open the Money Tran"  parameterizedStepValue:"Open the Money Tran"}}
01-02-2025 12:18:38.956 [Gauge] [DEBUG] Api Request Received: messageType:GetAllStepsRequest  messageId:2  allStepsRequest:{}
01-02-2025 12:18:38.956 [Gauge] [DEBUG] Sending API response: messageType:GetAllStepResponse  messageId:2  allStepsResponse:{allSteps:{stepValue:"increase Number Products"  parameterizedStepValue:"increase Number Products"}  allSteps:{stepValue:"product Number Check"  parameterizedStepValue:"product Number Check"}  allSteps:{stepValue:"ParaTransfer HomePage Check"  parameterizedStepValue:"ParaTransfer HomePage Check"}  allSteps:{stepValue:"add Product To Basket"  parameterizedStepValue:"add Product To Basket"}  allSteps:{stepValue:"comparison Of Product Price And Basket Price"  parameterizedStepValue:"comparison Of Product Price And Basket Price"}  allSteps:{stepValue:"delete Products From Basket And Check"  parameterizedStepValue:"delete Products From Basket And Check"}  allSteps:{stepValue:"ParaTransfer PreCondition"  parameterizedStepValue:"ParaTransfer PreCondition"}  allSteps:{stepValue:"get And Write Details To Txt"  parameterizedStepValue:"get And Write Details To Txt"}  allSteps:{stepValue:"open The Basket"  parameterizedStepValue:"open The Basket"}}
01-02-2025 12:18:38.956 [Gauge] [DEBUG] Api Request Received: messageType:GetAllConceptsRequest  messageId:6  allConceptsRequest:{}
01-02-2025 12:18:38.956 [Gauge] [DEBUG] Sending API response: messageType:GetAllConceptsResponse  messageId:6  allConceptsResponse:{}
01-02-2025 12:18:38.957 [Gauge] [DEBUG] Api Request Received: messageType:GetAllStepsRequest  messageId:2  allStepsRequest:{}
01-02-2025 12:18:38.957 [Gauge] [DEBUG] Sending API response: messageType:GetAllStepResponse  messageId:2  allStepsResponse:{allSteps:{stepValue:"add Product To Basket"  parameterizedStepValue:"add Product To Basket"}  allSteps:{stepValue:"open The Basket"  parameterizedStepValue:"open The Basket"}  allSteps:{stepValue:"comparison Of Product Price And Basket Price"  parameterizedStepValue:"comparison Of Product Price And Basket Price"}  allSteps:{stepValue:"product Number Check"  parameterizedStepValue:"product Number Check"}  allSteps:{stepValue:"ParaTransfer PreCondition"  parameterizedStepValue:"ParaTransfer PreCondition"}  allSteps:{stepValue:"ParaTransfer HomePage Check"  parameterizedStepValue:"ParaTransfer HomePage Check"}  allSteps:{stepValue:"get And Write Details To Txt"  parameterizedStepValue:"get And Write Details To Txt"}  allSteps:{stepValue:"increase Number Products"  parameterizedStepValue:"increase Number Products"}  allSteps:{stepValue:"delete Products From Basket And Check"  parameterizedStepValue:"delete Products From Basket And Check"}}
01-02-2025 12:18:38.957 [Gauge] [DEBUG] Api Request Received: messageType:GetAllConceptsRequest  messageId:6  allConceptsRequest:{}
01-02-2025 12:18:38.957 [Gauge] [DEBUG] Sending API response: messageType:GetAllConceptsResponse  messageId:6  allConceptsResponse:{}
01-02-2025 12:18:39.126 [Gauge] [DEBUG] Api Request Received: messageType:GetStepValueRequest  messageId:4  stepValueRequest:{stepText:"Open the Money Trans"}
01-02-2025 12:18:39.126 [Gauge] [DEBUG] Sending API response: messageType:GetStepValueResponse  messageId:4  stepValueResponse:{stepValue:{stepValue:"Open the Money Trans"  parameterizedStepValue:"Open the Money Trans"}}
01-02-2025 12:18:40.096 [Gauge] [DEBUG] Api Request Received: messageType:GetStepValueRequest  messageId:4  stepValueRequest:{stepText:"Open the Money Transf"}
01-02-2025 12:18:40.096 [Gauge] [DEBUG] Sending API response: messageType:GetStepValueResponse  messageId:4  stepValueResponse:{stepValue:{stepValue:"Open the Money Transf"  parameterizedStepValue:"Open the Money Transf"}}
01-02-2025 12:18:40.253 [Gauge] [DEBUG] Api Request Received: messageType:GetStepValueRequest  messageId:4  stepValueRequest:{stepText:"Open the Money Transfe"}
01-02-2025 12:18:40.253 [Gauge] [DEBUG] Sending API response: messageType:GetStepValueResponse  messageId:4  stepValueResponse:{stepValue:{stepValue:"Open the Money Transfe"  parameterizedStepValue:"Open the Money Transfe"}}
01-02-2025 12:18:40.365 [Gauge] [DEBUG] Api Request Received: messageType:GetStepValueRequest  messageId:4  stepValueRequest:{stepText:"Open the Money Transfer"}
01-02-2025 12:18:40.366 [Gauge] [DEBUG] Sending API response: messageType:GetStepValueResponse  messageId:4  stepValueResponse:{stepValue:{stepValue:"Open the Money Transfer"  parameterizedStepValue:"Open the Money Transfer"}}
01-02-2025 12:18:41.159 [Gauge] [DEBUG] Api Request Received: messageType:GetStepValueRequest  messageId:4  stepValueRequest:{stepText:"Open the Money Transfer A"}
01-02-2025 12:18:41.159 [Gauge] [DEBUG] Sending API response: messageType:GetStepValueResponse  messageId:4  stepValueResponse:{stepValue:{stepValue:"Open the Money Transfer A"  parameterizedStepValue:"Open the Money Transfer A"}}
01-02-2025 12:18:41.162 [Gauge] [DEBUG] Api Request Received: messageType:GetAllStepsRequest  messageId:2  allStepsRequest:{}
01-02-2025 12:18:41.162 [Gauge] [DEBUG] Sending API response: messageType:GetAllStepResponse  messageId:2  allStepsResponse:{allSteps:{stepValue:"delete Products From Basket And Check"  parameterizedStepValue:"delete Products From Basket And Check"}  allSteps:{stepValue:"ParaTransfer PreCondition"  parameterizedStepValue:"ParaTransfer PreCondition"}  allSteps:{stepValue:"ParaTransfer HomePage Check"  parameterizedStepValue:"ParaTransfer HomePage Check"}  allSteps:{stepValue:"add Product To Basket"  parameterizedStepValue:"add Product To Basket"}  allSteps:{stepValue:"comparison Of Product Price And Basket Price"  parameterizedStepValue:"comparison Of Product Price And Basket Price"}  allSteps:{stepValue:"get And Write Details To Txt"  parameterizedStepValue:"get And Write Details To Txt"}  allSteps:{stepValue:"open The Basket"  parameterizedStepValue:"open The Basket"}  allSteps:{stepValue:"increase Number Products"  parameterizedStepValue:"increase Number Products"}  allSteps:{stepValue:"product Number Check"  parameterizedStepValue:"product Number Check"}}
01-02-2025 12:18:41.162 [Gauge] [DEBUG] Api Request Received: messageType:GetAllConceptsRequest  messageId:6  allConceptsRequest:{}
01-02-2025 12:18:41.162 [Gauge] [DEBUG] Sending API response: messageType:GetAllConceptsResponse  messageId:6  allConceptsResponse:{}
01-02-2025 12:18:41.163 [Gauge] [DEBUG] Api Request Received: messageType:GetAllStepsRequest  messageId:2  allStepsRequest:{}
01-02-2025 12:18:41.163 [Gauge] [DEBUG] Sending API response: messageType:GetAllStepResponse  messageId:2  allStepsResponse:{allSteps:{stepValue:"ParaTransfer PreCondition"  parameterizedStepValue:"ParaTransfer PreCondition"}  allSteps:{stepValue:"get And Write Details To Txt"  parameterizedStepValue:"get And Write Details To Txt"}  allSteps:{stepValue:"add Product To Basket"  parameterizedStepValue:"add Product To Basket"}  allSteps:{stepValue:"open The Basket"  parameterizedStepValue:"open The Basket"}  allSteps:{stepValue:"product Number Check"  parameterizedStepValue:"product Number Check"}  allSteps:{stepValue:"delete Products From Basket And Check"  parameterizedStepValue:"delete Products From Basket And Check"}  allSteps:{stepValue:"ParaTransfer HomePage Check"  parameterizedStepValue:"ParaTransfer HomePage Check"}  allSteps:{stepValue:"comparison Of Product Price And Basket Price"  parameterizedStepValue:"comparison Of Product Price And Basket Price"}  allSteps:{stepValue:"increase Number Products"  parameterizedStepValue:"increase Number Products"}}
01-02-2025 12:18:41.163 [Gauge] [DEBUG] Api Request Received: messageType:GetAllConceptsRequest  messageId:6  allConceptsRequest:{}
01-02-2025 12:18:41.163 [Gauge] [DEBUG] Sending API response: messageType:GetAllConceptsResponse  messageId:6  allConceptsResponse:{}
01-02-2025 12:18:41.555 [Gauge] [DEBUG] Api Request Received: messageType:GetStepValueRequest  messageId:4  stepValueRequest:{stepText:"Open the Money Transfer AP"}
01-02-2025 12:18:41.555 [Gauge] [DEBUG] Sending API response: messageType:GetStepValueResponse  messageId:4  stepValueResponse:{stepValue:{stepValue:"Open the Money Transfer AP"  parameterizedStepValue:"Open the Money Transfer AP"}}
01-02-2025 12:18:41.711 [Gauge] [DEBUG] Api Request Received: messageType:GetStepValueRequest  messageId:4  stepValueRequest:{stepText:"Open the Money Transfer APp"}
01-02-2025 12:18:41.711 [Gauge] [DEBUG] Sending API response: messageType:GetStepValueResponse  messageId:4  stepValueResponse:{stepValue:{stepValue:"Open the Money Transfer APp"  parameterizedStepValue:"Open the Money Transfer APp"}}
01-02-2025 12:18:42.698 [Gauge] [DEBUG] Api Request Received: messageType:GetStepValueRequest  messageId:4  stepValueRequest:{stepText:"Open the Money Transfer Ap"}
01-02-2025 12:18:42.698 [Gauge] [DEBUG] Sending API response: messageType:GetStepValueResponse  messageId:4  stepValueResponse:{stepValue:{stepValue:"Open the Money Transfer Ap"  parameterizedStepValue:"Open the Money Transfer Ap"}}
01-02-2025 12:18:42.700 [Gauge] [DEBUG] Api Request Received: messageType:GetAllStepsRequest  messageId:2  allStepsRequest:{}
01-02-2025 12:18:42.700 [Gauge] [DEBUG] Sending API response: messageType:GetAllStepResponse  messageId:2  allStepsResponse:{allSteps:{stepValue:"ParaTransfer HomePage Check"  parameterizedStepValue:"ParaTransfer HomePage Check"}  allSteps:{stepValue:"add Product To Basket"  parameterizedStepValue:"add Product To Basket"}  allSteps:{stepValue:"open The Basket"  parameterizedStepValue:"open The Basket"}  allSteps:{stepValue:"comparison Of Product Price And Basket Price"  parameterizedStepValue:"comparison Of Product Price And Basket Price"}  allSteps:{stepValue:"increase Number Products"  parameterizedStepValue:"increase Number Products"}  allSteps:{stepValue:"product Number Check"  parameterizedStepValue:"product Number Check"}  allSteps:{stepValue:"ParaTransfer PreCondition"  parameterizedStepValue:"ParaTransfer PreCondition"}  allSteps:{stepValue:"get And Write Details To Txt"  parameterizedStepValue:"get And Write Details To Txt"}  allSteps:{stepValue:"delete Products From Basket And Check"  parameterizedStepValue:"delete Products From Basket And Check"}}
01-02-2025 12:18:42.700 [Gauge] [DEBUG] Api Request Received: messageType:GetAllConceptsRequest  messageId:6  allConceptsRequest:{}
01-02-2025 12:18:42.700 [Gauge] [DEBUG] Sending API response: messageType:GetAllConceptsResponse  messageId:6  allConceptsResponse:{}
01-02-2025 12:18:42.700 [Gauge] [DEBUG] Api Request Received: messageType:GetAllStepsRequest  messageId:2  allStepsRequest:{}
01-02-2025 12:18:42.700 [Gauge] [DEBUG] Sending API response: messageType:GetAllStepResponse  messageId:2  allStepsResponse:{allSteps:{stepValue:"ParaTransfer PreCondition"  parameterizedStepValue:"ParaTransfer PreCondition"}  allSteps:{stepValue:"get And Write Details To Txt"  parameterizedStepValue:"get And Write Details To Txt"}  allSteps:{stepValue:"increase Number Products"  parameterizedStepValue:"increase Number Products"}  allSteps:{stepValue:"product Number Check"  parameterizedStepValue:"product Number Check"}  allSteps:{stepValue:"delete Products From Basket And Check"  parameterizedStepValue:"delete Products From Basket And Check"}  allSteps:{stepValue:"ParaTransfer HomePage Check"  parameterizedStepValue:"ParaTransfer HomePage Check"}  allSteps:{stepValue:"add Product To Basket"  parameterizedStepValue:"add Product To Basket"}  allSteps:{stepValue:"open The Basket"  parameterizedStepValue:"open The Basket"}  allSteps:{stepValue:"comparison Of Product Price And Basket Price"  parameterizedStepValue:"comparison Of Product Price And Basket Price"}}
01-02-2025 12:18:42.700 [Gauge] [DEBUG] Api Request Received: messageType:GetAllConceptsRequest  messageId:6  allConceptsRequest:{}
01-02-2025 12:18:42.700 [Gauge] [DEBUG] Sending API response: messageType:GetAllConceptsResponse  messageId:6  allConceptsResponse:{}
01-02-2025 12:18:42.896 [Gauge] [DEBUG] Api Request Received: messageType:GetStepValueRequest  messageId:4  stepValueRequest:{stepText:"Open the Money Transfer App"}
01-02-2025 12:18:42.896 [Gauge] [DEBUG] Sending API response: messageType:GetStepValueResponse  messageId:4  stepValueResponse:{stepValue:{stepValue:"Open the Money Transfer App"  parameterizedStepValue:"Open the Money Transfer App"}}
01-02-2025 12:19:29.324 [Gauge] [DEBUG] Api Request Received: messageType:GetStepValueRequest  messageId:4  stepValueRequest:{stepText:"Money Transfer  PreCondition"}
01-02-2025 12:19:29.325 [Gauge] [DEBUG] Sending API response: messageType:GetStepValueResponse  messageId:4  stepValueResponse:{stepValue:{stepValue:"Money Transfer  PreCondition"  parameterizedStepValue:"Money Transfer  PreCondition"}}
01-02-2025 12:19:32.466 [Gauge] [DEBUG] Api Request Received: messageType:GetStepValueRequest  messageId:4  stepValueRequest:{stepText:"Money TransferPreCondition"}
01-02-2025 12:19:32.466 [Gauge] [DEBUG] Sending API response: messageType:GetStepValueResponse  messageId:4  stepValueResponse:{stepValue:{stepValue:"Money TransferPreCondition"  parameterizedStepValue:"Money TransferPreCondition"}}
01-02-2025 12:19:34.698 [Gauge] [DEBUG] Spec file added / modified: /Applications/IntelliJ IDEA CE.app/Contents/Projects/ParaTransferWebAutomationProject/specs/ParaTransferWebAppTestScenarios.spec
01-02-2025 12:21:42.341 [Gauge] [DEBUG] Spec file added / modified: /Applications/IntelliJ IDEA CE.app/Contents/Projects/ParaTransferWebAutomationProject/specs/MoneyTransferWebAppTestScenarios.spec
01-02-2025 12:21:42.342 [Gauge] [DEBUG] Spec file removed: /Applications/IntelliJ IDEA CE.app/Contents/Projects/ParaTransferWebAutomationProject/specs/ParaTransferWebAppTestScenarios.spec
01-02-2025 12:23:37.309 [Gauge] [INFO] Initializing concepts cache with 0 concepts
01-02-2025 12:23:37.310 [Gauge] [INFO] Initializing specs cache with 1 specs
01-02-2025 12:23:37.310 [Gauge] [DEBUG] Adding specs from /Applications/IntelliJ IDEA CE.app/Contents/Projects/MoneyTransferWebAutomationProject/specs/MoneyTransferWebAppTestScenarios.spec
01-02-2025 12:23:37.310 [Gauge] [INFO] Initializing steps cache with 1 steps
01-02-2025 12:23:37.310 [Gauge] [INFO] Gauge daemon initialized and listening on port: 54422
01-02-2025 12:23:37.310 [Gauge] [DEBUG] Watching directory: /Applications/IntelliJ IDEA CE.app/Contents/Projects/MoneyTransferWebAutomationProject/specs
01-02-2025 12:23:37.310 [Gauge] [DEBUG] Found 1 files
01-02-2025 12:38:08.658 [Gauge] [DEBUG] Spec file added / modified: /Applications/IntelliJ IDEA CE.app/Contents/Projects/MoneyTransferWebAutomationProject/specs/MoneyTransferWebAppTestScenarios.spec
